#
# There is insufficient memory for the Java Runtime Environment to continue.
# Native memory allocation (mmap) failed to map 65536 bytes for Failed to commit metaspace.
# Possible reasons:
#   The system is out of physical RAM or swap space
#   The process is running with CompressedOops enabled, and the Java Heap may be blocking the growth of the native heap
# Possible solutions:
#   Reduce memory load on the system
#   Increase physical memory or swap space
#   Check if swap backing store is full
#   Decrease Java heap size (-Xmx/-Xms)
#   Decrease number of Java threads
#   Decrease Java thread stack sizes (-Xss)
#   Set larger code cache with -XX:ReservedCodeCacheSize=
#   JVM is running with Unscaled Compressed Oops mode in which the Java heap is
#     placed in the first 4GB address space. The Java Heap base address is the
#     maximum limit for the native heap growth. Please use -XX:HeapBaseMinAddress
#     to set the Java Heap base and to place the Java Heap above 4GB virtual address.
# This output file may be truncated or incomplete.
#
#  Out of Memory Error (virtualSpaceNode.cpp:110), pid=50880, tid=41224
#
# JRE version: OpenJDK Runtime Environment Temurin-17.0.2+8 (17.0.2+8) (build 17.0.2+8)
# Java VM: OpenJDK 64-Bit Server VM Temurin-17.0.2+8 (17.0.2+8, mixed mode, sharing, tiered, compressed oops, compressed class ptrs, parallel gc, windows-amd64)
# No core dump will be written. Minidumps are not enabled by default on client versions of Windows
#

---------------  S U M M A R Y ------------

Command Line: --add-modules=ALL-SYSTEM --add-opens=java.base/java.util=ALL-UNNAMED --add-opens=java.base/java.lang=ALL-UNNAMED --add-opens=java.base/sun.nio.fs=ALL-UNNAMED -Declipse.application=org.eclipse.jdt.ls.core.id1 -Dosgi.bundles.defaultStartLevel=4 -Declipse.product=org.eclipse.jdt.ls.core.product -Djava.import.generatesMetadataFilesAtProjectRoot=false -Dfile.encoding=utf8 -XX:+UseParallelGC -XX:GCTimeRatio=4 -XX:AdaptiveSizePolicyWeight=90 -Dsun.zip.disableMemoryMapping=true -Xmx1G -Xms100m -Xlog:disable -javaagent:c:\Users\ZYT20\.vscode\extensions\redhat.java-1.13.0-win32-x64\lombok\lombok-1.18.24.jar c:\Users\ZYT20\.vscode\extensions\redhat.java-1.13.0-win32-x64\server\plugins\org.eclipse.equinox.launcher_1.6.400.v20210924-0641.jar -configuration c:\Users\ZYT20\AppData\Roaming\Code\User\globalStorage\redhat.java\1.13.0\config_ss_win -data c:\Users\ZYT20\AppData\Roaming\Code\User\workspaceStorage\82c29d3eb06bfaf88095d7a98bb9c494\redhat.java\ss_ws

Host: AMD Ryzen 7 5800H with Radeon Graphics         , 16 cores, 31G,  Windows 10 , 64 bit Build 19041 (10.0.19041.2364)
Time: Tue Dec 20 22:31:47 2022  Windows 10 , 64 bit Build 19041 (10.0.19041.2364) elapsed time: 10.214393 seconds (0d 0h 0m 10s)

---------------  T H R E A D  ---------------

Current thread (0x00000213b08d01f0):  JavaThread "Framework stop - Equinox Container: 59fe9c52-80d7-4374-b336-1af1f2367d2c" [_thread_in_vm, id=41224, stack(0x000000389db00000,0x000000389dc00000)]

Stack: [0x000000389db00000,0x000000389dc00000]
Native frames: (J=compiled Java code, j=interpreted, Vv=VM code, C=native code)
V  [jvm.dll+0x67564a]
V  [jvm.dll+0x82fc04]
V  [jvm.dll+0x8313ae]
V  [jvm.dll+0x831a13]
V  [jvm.dll+0x245235]
V  [jvm.dll+0x82bbab]
V  [jvm.dll+0x61a336]
V  [jvm.dll+0x1c016e]
V  [jvm.dll+0x61cc81]
V  [jvm.dll+0x61acd6]
V  [jvm.dll+0x62b9d9]
V  [jvm.dll+0x624d04]
V  [jvm.dll+0x37f131]
C  0x000002139779c711

Java frames: (J=compiled Java code, j=interpreted, Vv=VM code)
j  org.eclipse.osgi.internal.framework.BundleContextImpl$3.run()Ljava/lang/Object;+0
J 4025 c1 java.security.AccessController.doPrivileged(Ljava/security/PrivilegedExceptionAction;)Ljava/lang/Object; java.base@17.0.2 (22 bytes) @ 0x0000021398739e64 [0x0000021398739d00+0x0000000000000164]
j  org.eclipse.osgi.internal.framework.BundleContextImpl.stop()V+14
j  org.eclipse.osgi.internal.framework.EquinoxBundle.stopWorker0()V+10
j  org.eclipse.osgi.internal.framework.EquinoxBundle$EquinoxModule.stopWorker()V+4
j  org.eclipse.osgi.container.Module.doStop()Lorg/eclipse/osgi/container/ModuleContainerAdaptor$ModuleEvent;+15
j  org.eclipse.osgi.container.Module.stop([Lorg/eclipse/osgi/container/Module$StopOptions;)V+70
j  org.eclipse.osgi.container.ModuleContainer$ContainerStartLevel.decStartLevel(ILjava/util/List;)V+123
j  org.eclipse.osgi.container.ModuleContainer$ContainerStartLevel.doContainerStartLevel(Lorg/eclipse/osgi/container/Module;I[Lorg/osgi/framework/FrameworkListener;)V+518
j  org.eclipse.osgi.container.SystemModule.stopWorker()V+23
j  org.eclipse.osgi.internal.framework.EquinoxBundle$SystemBundle$EquinoxSystemModule.stopWorker()V+1
j  org.eclipse.osgi.container.Module.doStop()Lorg/eclipse/osgi/container/ModuleContainerAdaptor$ModuleEvent;+15
j  org.eclipse.osgi.container.Module.stop([Lorg/eclipse/osgi/container/Module$StopOptions;)V+70
j  org.eclipse.osgi.container.SystemModule.stop([Lorg/eclipse/osgi/container/Module$StopOptions;)V+31
j  org.eclipse.osgi.internal.framework.EquinoxBundle$SystemBundle$EquinoxSystemModule$1.run()V+8
j  java.lang.Thread.run()V+11 java.base@17.0.2
v  ~StubRoutines::call_stub

---------------  P R O C E S S  ---------------

Threads class SMR info:
_java_thread_list=0x00000213b9b437d0, length=31, elements={
0x000002138fccae20, 0x000002138fd9e440, 0x00000213a897f390, 0x00000213aa26d280,
0x00000213aa26dd40, 0x00000213aa270eb0, 0x00000213aa271f10, 0x00000213aa276f40,
0x00000213aa278090, 0x00000213aa28c910, 0x000002138fd889d0, 0x00000213aa513140,
0x00000213acdf78e0, 0x00000213ad2551e0, 0x00000213acc7c3c0, 0x00000213acc7d090,
0x00000213acc7d560, 0x00000213ad383860, 0x00000213ad15ba20, 0x00000213ad241750,
0x00000213ad3913c0, 0x00000213ad391890, 0x00000213ad392700, 0x00000213ad391d60,
0x00000213ad390a20, 0x00000213ad393f10, 0x00000213ad3930a0, 0x00000213ad393570,
0x00000213ad3943e0, 0x00000213aca58f20, 0x00000213b08d01f0
}

Java Threads: ( => current thread )
  0x000002138fccae20 JavaThread "main" [_thread_blocked, id=70904, stack(0x000000389b100000,0x000000389b200000)]
  0x000002138fd9e440 JavaThread "Reference Handler" daemon [_thread_blocked, id=70876, stack(0x000000389b400000,0x000000389b500000)]
  0x00000213a897f390 JavaThread "Finalizer" daemon [_thread_blocked, id=58848, stack(0x000000389b500000,0x000000389b600000)]
  0x00000213aa26d280 JavaThread "Signal Dispatcher" daemon [_thread_blocked, id=53404, stack(0x000000389b600000,0x000000389b700000)]
  0x00000213aa26dd40 JavaThread "Attach Listener" daemon [_thread_blocked, id=57408, stack(0x000000389b700000,0x000000389b800000)]
  0x00000213aa270eb0 JavaThread "Service Thread" daemon [_thread_blocked, id=53284, stack(0x000000389b800000,0x000000389b900000)]
  0x00000213aa271f10 JavaThread "Monitor Deflation Thread" daemon [_thread_blocked, id=71344, stack(0x000000389b900000,0x000000389ba00000)]
  0x00000213aa276f40 JavaThread "C2 CompilerThread0" daemon [_thread_blocked, id=61456, stack(0x000000389ba00000,0x000000389bb00000)]
  0x00000213aa278090 JavaThread "C1 CompilerThread0" daemon [_thread_blocked, id=70928, stack(0x000000389bb00000,0x000000389bc00000)]
  0x00000213aa28c910 JavaThread "Sweeper thread" daemon [_thread_blocked, id=56952, stack(0x000000389bc00000,0x000000389bd00000)]
  0x000002138fd889d0 JavaThread "Common-Cleaner" daemon [_thread_blocked, id=64504, stack(0x000000389bd00000,0x000000389be00000)]
  0x00000213aa513140 JavaThread "Notification Thread" daemon [_thread_blocked, id=57552, stack(0x000000389c000000,0x000000389c100000)]
  0x00000213acdf78e0 JavaThread "Active Thread: Equinox Container: 59fe9c52-80d7-4374-b336-1af1f2367d2c" [_thread_blocked, id=69044, stack(0x000000389be00000,0x000000389bf00000)]
  0x00000213ad2551e0 JavaThread "C1 CompilerThread1" daemon [_thread_blocked, id=50568, stack(0x000000389bf00000,0x000000389c000000)]
  0x00000213acc7c3c0 JavaThread "C1 CompilerThread2" daemon [_thread_blocked, id=28148, stack(0x000000389c300000,0x000000389c400000)]
  0x00000213acc7d090 JavaThread "Framework Event Dispatcher: Equinox Container: 59fe9c52-80d7-4374-b336-1af1f2367d2c" daemon [_thread_blocked, id=42612, stack(0x000000389ca00000,0x000000389cb00000)]
  0x00000213acc7d560 JavaThread "Start Level: Equinox Container: 59fe9c52-80d7-4374-b336-1af1f2367d2c" daemon [_thread_blocked, id=71212, stack(0x000000389cb00000,0x000000389cc00000)]
  0x00000213ad383860 JavaThread "SCR Component Actor" daemon [_thread_blocked, id=14412, stack(0x000000389cc00000,0x000000389cd00000)]
  0x00000213ad15ba20 JavaThread "Worker-JM" [_thread_blocked, id=28312, stack(0x000000389d000000,0x000000389d100000)]
  0x00000213ad241750 JavaThread "Worker-0" [_thread_blocked, id=27960, stack(0x000000389d500000,0x000000389d600000)]
  0x00000213ad3913c0 JavaThread "Worker-1" [_thread_blocked, id=27968, stack(0x000000389d600000,0x000000389d700000)]
  0x00000213ad391890 JavaThread "JNA Cleaner" daemon [_thread_blocked, id=52824, stack(0x000000389d700000,0x000000389d800000)]
  0x00000213ad392700 JavaThread "pool-2-thread-1" [_thread_blocked, id=45116, stack(0x000000389d900000,0x000000389da00000)]
  0x00000213ad391d60 JavaThread "pool-1-thread-1" [_thread_in_native, id=44820, stack(0x000000389da00000,0x000000389db00000)]
  0x00000213ad390a20 JavaThread "ForkJoinPool.commonPool-worker-1" daemon [_thread_blocked, id=2208, stack(0x000000389e000000,0x000000389e100000)]
  0x00000213ad393f10 JavaThread "ForkJoinPool.commonPool-worker-2" daemon [_thread_blocked, id=68036, stack(0x000000389e100000,0x000000389e200000)]
  0x00000213ad3930a0 JavaThread "ForkJoinPool.commonPool-worker-3" daemon [_thread_blocked, id=35728, stack(0x000000389e200000,0x000000389e300000)]
  0x00000213ad393570 JavaThread "Worker-2" [_thread_blocked, id=14784, stack(0x000000389c200000,0x000000389c300000)]
  0x00000213ad3943e0 JavaThread "pool-3-thread-1" [_thread_blocked, id=22636, stack(0x000000389c400000,0x000000389c500000)]
  0x00000213aca58f20 JavaThread "C2 CompilerThread1" daemon [_thread_blocked, id=44400, stack(0x000000389cf00000,0x000000389d000000)]
=>0x00000213b08d01f0 JavaThread "Framework stop - Equinox Container: 59fe9c52-80d7-4374-b336-1af1f2367d2c" [_thread_in_vm, id=41224, stack(0x000000389db00000,0x000000389dc00000)]

Other Threads:
  0x00000213aa2633c0 VMThread "VM Thread" [stack: 0x000000389b300000,0x000000389b400000] [id=70872]
  0x00000213aa52b960 WatcherThread [stack: 0x000000389c100000,0x000000389c200000] [id=70912]
  0x000002138fcdf890 GCTaskThread "GC Thread#0" [stack: 0x000000389b200000,0x000000389b300000] [id=70896]
  0x00000213ace53960 GCTaskThread "GC Thread#1" [stack: 0x000000389c500000,0x000000389c600000] [id=71432]
  0x00000213acf21030 GCTaskThread "GC Thread#2" [stack: 0x000000389c600000,0x000000389c700000] [id=52268]
  0x00000213ace52450 GCTaskThread "GC Thread#3" [stack: 0x000000389c700000,0x000000389c800000] [id=11356]
  0x00000213ace52700 GCTaskThread "GC Thread#4" [stack: 0x000000389c800000,0x000000389c900000] [id=62108]
  0x00000213ac7e9630 GCTaskThread "GC Thread#5" [stack: 0x000000389c900000,0x000000389ca00000] [id=52640]
  0x00000213ad0a9420 GCTaskThread "GC Thread#6" [stack: 0x000000389cd00000,0x000000389ce00000] [id=48456]
  0x00000213ad0ac850 GCTaskThread "GC Thread#7" [stack: 0x000000389ce00000,0x000000389cf00000] [id=56368]
  0x00000213ad3592c0 GCTaskThread "GC Thread#8" [stack: 0x000000389d100000,0x000000389d200000] [id=64900]
  0x00000213ad1b7000 GCTaskThread "GC Thread#9" [stack: 0x000000389d200000,0x000000389d300000] [id=55964]
  0x00000213ad1b72b0 GCTaskThread "GC Thread#10" [stack: 0x000000389d300000,0x000000389d400000] [id=27940]
  0x00000213ad4bdbb0 GCTaskThread "GC Thread#11" [stack: 0x000000389d400000,0x000000389d500000] [id=27944]
  0x00000213ad4a0da0 GCTaskThread "GC Thread#12" [stack: 0x000000389d800000,0x000000389d900000] [id=27988]

Threads with active compile tasks:

VM state: not at safepoint (normal execution)

VM Mutex/Monitor currently owned by a thread:  ([mutex/lock_event])
[0x000002138fcc48f0] Metaspace_lock - owner thread: 0x00000213b08d01f0

Heap address: 0x00000000c0000000, size: 1024 MB, Compressed Oops mode: 32-bit

CDS archive(s) mapped at: [0x0000000800000000-0x0000000800bc0000-0x0000000800bc0000), size 12320768, SharedBaseAddress: 0x0000000800000000, ArchiveRelocationMode: 0.
Compressed class space mapped at: 0x0000000800c00000-0x0000000840c00000, reserved size: 1073741824
Narrow klass base: 0x0000000800000000, Narrow klass shift: 0, Narrow klass range: 0x100000000

GC Precious Log:
 CPUs: 16 total, 16 available
 Memory: 32620M
 Large Page Support: Disabled
 NUMA Support: Disabled
 Compressed Oops: Enabled (32-bit)
 Alignments: Space 512K, Generation 512K, Heap 2M
 Heap Min Capacity: 100M
 Heap Initial Capacity: 100M
 Heap Max Capacity: 1G
 Pre-touch: Disabled
 Parallel Workers: 13

Heap:
 PSYoungGen      total 23040K, used 5685K [0x00000000eab00000, 0x00000000ec680000, 0x0000000100000000)
  eden space 22016K, 21% used [0x00000000eab00000,0x00000000eaf91868,0x00000000ec080000)
  from space 1024K, 98% used [0x00000000ec380000,0x00000000ec47be78,0x00000000ec480000)
  to   space 3072K, 0% used [0x00000000ec080000,0x00000000ec080000,0x00000000ec380000)
 ParOldGen       total 68608K, used 25840K [0x00000000c0000000, 0x00000000c4300000, 0x00000000eab00000)
  object space 68608K, 37% used [0x00000000c0000000,0x00000000c193c2e8,0x00000000c4300000)
 Metaspace       used 38596K, committed 39296K, reserved 1089536K
  class space    used 3773K, committed 4096K, reserved 1048576K

Card table byte_map: [0x000002138f680000,0x000002138f890000] _byte_map_base: 0x000002138f080000

Marking Bits: (ParMarkBitMap*) 0x00007ffcfe653af0
 Begin Bits: [0x00000213a6790000, 0x00000213a7790000)
 End Bits:   [0x00000213a7790000, 0x00000213a8790000)

Polling page: 0x000002138d980000

Metaspace:

Usage:
  Non-class:     34.01 MB used.
      Class:      3.68 MB used.
       Both:     37.69 MB used.

Virtual space:
  Non-class space:       40.00 MB reserved,      34.38 MB ( 86%) committed,  5 nodes.
      Class space:        1.00 GB reserved,       4.00 MB ( <1%) committed,  1 nodes.
             Both:        1.04 GB reserved,      38.38 MB (  4%) committed. 

Chunk freelists:
   Non-Class:  944.00 KB
       Class:  44.00 KB
        Both:  988.00 KB

MaxMetaspaceSize: unlimited
CompressedClassSpaceSize: 1.00 GB
Initial GC threshold: 21.00 MB
Current GC threshold: 58.38 MB
CDS: on
MetaspaceReclaimPolicy: balanced
 - commit_granule_bytes: 65536.
 - commit_granule_words: 8192.
 - virtual_space_node_default_size: 1048576.
 - enlarge_chunks_in_place: 1.
 - new_chunks_are_fully_committed: 0.
 - uncommit_free_chunks: 1.
 - use_allocation_guard: 0.
 - handle_deallocations: 1.


Internal statistics:

num_allocs_failed_limit: 6.
num_arena_births: 306.
num_arena_deaths: 14.
num_vsnodes_births: 6.
num_vsnodes_deaths: 0.
num_space_committed: 614.
num_space_uncommitted: 0.
num_chunks_returned_to_freelist: 20.
num_chunks_taken_from_freelist: 1725.
num_chunk_merges: 10.
num_chunk_splits: 1207.
num_chunks_enlarged: 877.
num_purges: 2.
num_inconsistent_stats: 0.

CodeHeap 'non-profiled nmethods': size=119168Kb used=2700Kb max_used=2934Kb free=116467Kb
 bounds [0x000002139f330000, 0x000002139f650000, 0x00000213a6790000]
CodeHeap 'profiled nmethods': size=119104Kb used=9520Kb max_used=11633Kb free=109583Kb
 bounds [0x0000021397ee0000, 0x0000021398a40000, 0x000002139f330000]
CodeHeap 'non-nmethods': size=7488Kb used=2439Kb max_used=2968Kb free=5049Kb
 bounds [0x0000021397790000, 0x0000021397a80000, 0x0000021397ee0000]
 total_blobs=5104 nmethods=4464 adapters=549
 compilation: enabled
              stopped_count=0, restarted_count=0
 full_count=0

Compilation events (20 events):
Event: 10.158 Thread 0x00000213acc7c3c0 nmethod 5217 0x000002139835c510 code [0x000002139835d440, 0x0000021398363fb8]
Event: 10.160 Thread 0x00000213acc7c3c0 5218       3       java.io.FileDescriptor::valid (25 bytes)
Event: 10.160 Thread 0x00000213acc7c3c0 nmethod 5218 0x0000021397f70490 code [0x0000021397f70620, 0x0000021397f707d8]
Event: 10.161 Thread 0x00000213acc7c3c0 5219       3       org.eclipse.core.internal.resources.ResourceInfo::getMarkers (31 bytes)
Event: 10.161 Thread 0x00000213acc7c3c0 nmethod 5219 0x00000213981b2f90 code [0x00000213981b3140, 0x00000213981b3468]
Event: 10.165 Thread 0x00000213aca58f20 5220       4       java.lang.Class::cast (27 bytes)
Event: 10.166 Thread 0x00000213aca58f20 nmethod 5220 0x000002139f415c10 code [0x000002139f415d80, 0x000002139f415e78]
Event: 10.170 Thread 0x00000213aa276f40 nmethod 5191 0x000002139f3bf710 code [0x000002139f3bfb00, 0x000002139f3c2270]
Event: 10.191 Thread 0x00000213ad2551e0 5222       3       org.eclipse.core.resources.ResourcesPlugin::getWorkspace (44 bytes)
Event: 10.192 Thread 0x00000213ad2551e0 nmethod 5222 0x000002139802ea10 code [0x000002139802ebe0, 0x000002139802eef8]
Event: 10.202 Thread 0x00000213aa278090 5223       3       java.lang.Math::min (46 bytes)
Event: 10.202 Thread 0x00000213aa278090 nmethod 5223 0x0000021397f69c10 code [0x0000021397f69dc0, 0x0000021397f6a118]
Event: 10.203 Thread 0x00000213acc7c3c0 5224       3       org.eclipse.osgi.internal.framework.FilterImpl$Item::compare_ObjectArray (38 bytes)
Event: 10.203 Thread 0x00000213acc7c3c0 nmethod 5224 0x0000021397f7b010 code [0x0000021397f7b1c0, 0x0000021397f7b468]
Event: 10.207 Thread 0x00000213acc7c3c0 5225       1       org.eclipse.osgi.container.ModuleWire::getRequirer (5 bytes)
Event: 10.207 Thread 0x00000213ad2551e0 5226       1       org.eclipse.osgi.container.ModuleWire::getProvider (5 bytes)
Event: 10.207 Thread 0x00000213ad2551e0 nmethod 5226 0x000002139f415710 code [0x000002139f4158a0, 0x000002139f415978]
Event: 10.207 Thread 0x00000213acc7c3c0 nmethod 5225 0x000002139f564a10 code [0x000002139f564ba0, 0x000002139f564c78]
Event: 10.209 Thread 0x00000213ad2551e0 5227       3       org.eclipse.osgi.internal.container.ComputeNodeOrder$Digraph::addEdge (67 bytes)
Event: 10.209 Thread 0x00000213ad2551e0 nmethod 5227 0x0000021397ee1b90 code [0x0000021397ee1da0, 0x0000021397ee24b8]

GC Heap History (20 events):
Event: 5.021 GC heap before
{Heap before GC invocations=11 (full 1):
 PSYoungGen      total 27136K, used 27110K [0x00000000eab00000, 0x00000000ecd80000, 0x0000000100000000)
  eden space 23040K, 100% used [0x00000000eab00000,0x00000000ec180000,0x00000000ec180000)
  from space 4096K, 99% used [0x00000000ec200000,0x00000000ec5f9938,0x00000000ec600000)
  to   space 6144K, 0% used [0x00000000ec780000,0x00000000ec780000,0x00000000ecd80000)
 ParOldGen       total 68608K, used 10046K [0x00000000c0000000, 0x00000000c4300000, 0x00000000eab00000)
  object space 68608K, 14% used [0x00000000c0000000,0x00000000c09cfaa0,0x00000000c4300000)
 Metaspace       used 27984K, committed 28672K, reserved 1081344K
  class space    used 2744K, committed 3008K, reserved 1048576K
}
Event: 5.024 GC heap after
{Heap after GC invocations=11 (full 1):
 PSYoungGen      total 27136K, used 4576K [0x00000000eab00000, 0x00000000ecc00000, 0x0000000100000000)
  eden space 22528K, 0% used [0x00000000eab00000,0x00000000eab00000,0x00000000ec100000)
  from space 4608K, 99% used [0x00000000ec780000,0x00000000ecbf8020,0x00000000ecc00000)
  to   space 5120K, 0% used [0x00000000ec200000,0x00000000ec200000,0x00000000ec700000)
 ParOldGen       total 68608K, used 12547K [0x00000000c0000000, 0x00000000c4300000, 0x00000000eab00000)
  object space 68608K, 18% used [0x00000000c0000000,0x00000000c0c40c98,0x00000000c4300000)
 Metaspace       used 27984K, committed 28672K, reserved 1081344K
  class space    used 2744K, committed 3008K, reserved 1048576K
}
Event: 5.060 GC heap before
{Heap before GC invocations=12 (full 1):
 PSYoungGen      total 27136K, used 27104K [0x00000000eab00000, 0x00000000ecc00000, 0x0000000100000000)
  eden space 22528K, 100% used [0x00000000eab00000,0x00000000ec100000,0x00000000ec100000)
  from space 4608K, 99% used [0x00000000ec780000,0x00000000ecbf8020,0x00000000ecc00000)
  to   space 5120K, 0% used [0x00000000ec200000,0x00000000ec200000,0x00000000ec700000)
 ParOldGen       total 68608K, used 12547K [0x00000000c0000000, 0x00000000c4300000, 0x00000000eab00000)
  object space 68608K, 18% used [0x00000000c0000000,0x00000000c0c40c98,0x00000000c4300000)
 Metaspace       used 27984K, committed 28672K, reserved 1081344K
  class space    used 2744K, committed 3008K, reserved 1048576K
}
Event: 5.063 GC heap after
{Heap after GC invocations=12 (full 1):
 PSYoungGen      total 25088K, used 2624K [0x00000000eab00000, 0x00000000ec800000, 0x0000000100000000)
  eden space 22016K, 0% used [0x00000000eab00000,0x00000000eab00000,0x00000000ec080000)
  from space 3072K, 85% used [0x00000000ec200000,0x00000000ec490000,0x00000000ec500000)
  to   space 3072K, 0% used [0x00000000ec500000,0x00000000ec500000,0x00000000ec800000)
 ParOldGen       total 68608K, used 16905K [0x00000000c0000000, 0x00000000c4300000, 0x00000000eab00000)
  object space 68608K, 24% used [0x00000000c0000000,0x00000000c1082688,0x00000000c4300000)
 Metaspace       used 27984K, committed 28672K, reserved 1081344K
  class space    used 2744K, committed 3008K, reserved 1048576K
}
Event: 5.094 GC heap before
{Heap before GC invocations=13 (full 1):
 PSYoungGen      total 25088K, used 24640K [0x00000000eab00000, 0x00000000ec800000, 0x0000000100000000)
  eden space 22016K, 100% used [0x00000000eab00000,0x00000000ec080000,0x00000000ec080000)
  from space 3072K, 85% used [0x00000000ec200000,0x00000000ec490000,0x00000000ec500000)
  to   space 3072K, 0% used [0x00000000ec500000,0x00000000ec500000,0x00000000ec800000)
 ParOldGen       total 68608K, used 16905K [0x00000000c0000000, 0x00000000c4300000, 0x00000000eab00000)
  object space 68608K, 24% used [0x00000000c0000000,0x00000000c1082688,0x00000000c4300000)
 Metaspace       used 27984K, committed 28672K, reserved 1081344K
  class space    used 2744K, committed 3008K, reserved 1048576K
}
Event: 5.096 GC heap after
{Heap after GC invocations=13 (full 1):
 PSYoungGen      total 25088K, used 2624K [0x00000000eab00000, 0x00000000ec800000, 0x0000000100000000)
  eden space 22016K, 0% used [0x00000000eab00000,0x00000000eab00000,0x00000000ec080000)
  from space 3072K, 85% used [0x00000000ec500000,0x00000000ec790010,0x00000000ec800000)
  to   space 3072K, 0% used [0x00000000ec200000,0x00000000ec200000,0x00000000ec500000)
 ParOldGen       total 68608K, used 19385K [0x00000000c0000000, 0x00000000c4300000, 0x00000000eab00000)
  object space 68608K, 28% used [0x00000000c0000000,0x00000000c12ee688,0x00000000c4300000)
 Metaspace       used 27984K, committed 28672K, reserved 1081344K
  class space    used 2744K, committed 3008K, reserved 1048576K
}
Event: 5.522 GC heap before
{Heap before GC invocations=14 (full 1):
 PSYoungGen      total 25088K, used 24634K [0x00000000eab00000, 0x00000000ec800000, 0x0000000100000000)
  eden space 22016K, 99% used [0x00000000eab00000,0x00000000ec07e9d0,0x00000000ec080000)
  from space 3072K, 85% used [0x00000000ec500000,0x00000000ec790010,0x00000000ec800000)
  to   space 3072K, 0% used [0x00000000ec200000,0x00000000ec200000,0x00000000ec500000)
 ParOldGen       total 68608K, used 19385K [0x00000000c0000000, 0x00000000c4300000, 0x00000000eab00000)
  object space 68608K, 28% used [0x00000000c0000000,0x00000000c12ee688,0x00000000c4300000)
 Metaspace       used 29908K, committed 30592K, reserved 1081344K
  class space    used 2968K, committed 3264K, reserved 1048576K
}
Event: 5.524 GC heap after
{Heap after GC invocations=14 (full 1):
 PSYoungGen      total 25088K, used 2623K [0x00000000eab00000, 0x00000000ec680000, 0x0000000100000000)
  eden space 22016K, 0% used [0x00000000eab00000,0x00000000eab00000,0x00000000ec080000)
  from space 3072K, 85% used [0x00000000ec200000,0x00000000ec48fe90,0x00000000ec500000)
  to   space 1536K, 0% used [0x00000000ec500000,0x00000000ec500000,0x00000000ec680000)
 ParOldGen       total 68608K, used 21857K [0x00000000c0000000, 0x00000000c4300000, 0x00000000eab00000)
  object space 68608K, 31% used [0x00000000c0000000,0x00000000c1558698,0x00000000c4300000)
 Metaspace       used 29908K, committed 30592K, reserved 1081344K
  class space    used 2968K, committed 3264K, reserved 1048576K
}
Event: 6.927 GC heap before
{Heap before GC invocations=15 (full 1):
 PSYoungGen      total 25088K, used 24639K [0x00000000eab00000, 0x00000000ec680000, 0x0000000100000000)
  eden space 22016K, 100% used [0x00000000eab00000,0x00000000ec080000,0x00000000ec080000)
  from space 3072K, 85% used [0x00000000ec200000,0x00000000ec48fe90,0x00000000ec500000)
  to   space 1536K, 0% used [0x00000000ec500000,0x00000000ec500000,0x00000000ec680000)
 ParOldGen       total 68608K, used 21857K [0x00000000c0000000, 0x00000000c4300000, 0x00000000eab00000)
  object space 68608K, 31% used [0x00000000c0000000,0x00000000c1558698,0x00000000c4300000)
 Metaspace       used 31336K, committed 32064K, reserved 1081344K
  class space    used 3147K, committed 3456K, reserved 1048576K
}
Event: 6.931 GC heap after
{Heap after GC invocations=15 (full 1):
 PSYoungGen      total 22528K, used 512K [0x00000000eab00000, 0x00000000ec580000, 0x0000000100000000)
  eden space 22016K, 0% used [0x00000000eab00000,0x00000000eab00000,0x00000000ec080000)
  from space 512K, 100% used [0x00000000ec500000,0x00000000ec580000,0x00000000ec580000)
  to   space 1536K, 0% used [0x00000000ec280000,0x00000000ec280000,0x00000000ec400000)
 ParOldGen       total 68608K, used 24265K [0x00000000c0000000, 0x00000000c4300000, 0x00000000eab00000)
  object space 68608K, 35% used [0x00000000c0000000,0x00000000c17b27b8,0x00000000c4300000)
 Metaspace       used 31336K, committed 32064K, reserved 1081344K
  class space    used 3147K, committed 3456K, reserved 1048576K
}
Event: 7.405 GC heap before
{Heap before GC invocations=16 (full 1):
 PSYoungGen      total 22528K, used 22528K [0x00000000eab00000, 0x00000000ec580000, 0x0000000100000000)
  eden space 22016K, 100% used [0x00000000eab00000,0x00000000ec080000,0x00000000ec080000)
  from space 512K, 100% used [0x00000000ec500000,0x00000000ec580000,0x00000000ec580000)
  to   space 1536K, 0% used [0x00000000ec280000,0x00000000ec280000,0x00000000ec400000)
 ParOldGen       total 68608K, used 24265K [0x00000000c0000000, 0x00000000c4300000, 0x00000000eab00000)
  object space 68608K, 35% used [0x00000000c0000000,0x00000000c17b27b8,0x00000000c4300000)
 Metaspace       used 32216K, committed 32960K, reserved 1081344K
  class space    used 3216K, committed 3520K, reserved 1048576K
}
Event: 7.407 GC heap after
{Heap after GC invocations=16 (full 1):
 PSYoungGen      total 23552K, used 1390K [0x00000000eab00000, 0x00000000ec580000, 0x0000000100000000)
  eden space 22016K, 0% used [0x00000000eab00000,0x00000000eab00000,0x00000000ec080000)
  from space 1536K, 90% used [0x00000000ec280000,0x00000000ec3db950,0x00000000ec400000)
  to   space 1536K, 0% used [0x00000000ec400000,0x00000000ec400000,0x00000000ec580000)
 ParOldGen       total 68608K, used 24730K [0x00000000c0000000, 0x00000000c4300000, 0x00000000eab00000)
  object space 68608K, 36% used [0x00000000c0000000,0x00000000c1826878,0x00000000c4300000)
 Metaspace       used 32216K, committed 32960K, reserved 1081344K
  class space    used 3216K, committed 3520K, reserved 1048576K
}
Event: 7.534 GC heap before
{Heap before GC invocations=17 (full 1):
 PSYoungGen      total 23552K, used 23406K [0x00000000eab00000, 0x00000000ec580000, 0x0000000100000000)
  eden space 22016K, 100% used [0x00000000eab00000,0x00000000ec080000,0x00000000ec080000)
  from space 1536K, 90% used [0x00000000ec280000,0x00000000ec3db950,0x00000000ec400000)
  to   space 1536K, 0% used [0x00000000ec400000,0x00000000ec400000,0x00000000ec580000)
 ParOldGen       total 68608K, used 24730K [0x00000000c0000000, 0x00000000c4300000, 0x00000000eab00000)
  object space 68608K, 36% used [0x00000000c0000000,0x00000000c1826878,0x00000000c4300000)
 Metaspace       used 33207K, committed 33920K, reserved 1081344K
  class space    used 3310K, committed 3584K, reserved 1048576K
}
Event: 7.534 GC heap after
{Heap after GC invocations=17 (full 1):
 PSYoungGen      total 22528K, used 416K [0x00000000eab00000, 0x00000000ec480000, 0x0000000100000000)
  eden space 22016K, 0% used [0x00000000eab00000,0x00000000eab00000,0x00000000ec080000)
  from space 512K, 81% used [0x00000000ec400000,0x00000000ec468010,0x00000000ec480000)
  to   space 1024K, 0% used [0x00000000ec280000,0x00000000ec280000,0x00000000ec380000)
 ParOldGen       total 68608K, used 24938K [0x00000000c0000000, 0x00000000c4300000, 0x00000000eab00000)
  object space 68608K, 36% used [0x00000000c0000000,0x00000000c185a878,0x00000000c4300000)
 Metaspace       used 33207K, committed 33920K, reserved 1081344K
  class space    used 3310K, committed 3584K, reserved 1048576K
}
Event: 8.447 GC heap before
{Heap before GC invocations=18 (full 1):
 PSYoungGen      total 22528K, used 10507K [0x00000000eab00000, 0x00000000ec480000, 0x0000000100000000)
  eden space 22016K, 45% used [0x00000000eab00000,0x00000000eb4dac98,0x00000000ec080000)
  from space 512K, 81% used [0x00000000ec400000,0x00000000ec468010,0x00000000ec480000)
  to   space 1024K, 0% used [0x00000000ec280000,0x00000000ec280000,0x00000000ec380000)
 ParOldGen       total 68608K, used 24938K [0x00000000c0000000, 0x00000000c4300000, 0x00000000eab00000)
  object space 68608K, 36% used [0x00000000c0000000,0x00000000c185a878,0x00000000c4300000)
 Metaspace       used 35136K, committed 35840K, reserved 1089536K
  class space    used 3452K, committed 3776K, reserved 1048576K
}
Event: 8.447 GC heap after
{Heap after GC invocations=18 (full 1):
 PSYoungGen      total 23040K, used 800K [0x00000000eab00000, 0x00000000ec480000, 0x0000000100000000)
  eden space 22016K, 0% used [0x00000000eab00000,0x00000000eab00000,0x00000000ec080000)
  from space 1024K, 78% used [0x00000000ec280000,0x00000000ec348000,0x00000000ec380000)
  to   space 1024K, 0% used [0x00000000ec380000,0x00000000ec380000,0x00000000ec480000)
 ParOldGen       total 68608K, used 25042K [0x00000000c0000000, 0x00000000c4300000, 0x00000000eab00000)
  object space 68608K, 36% used [0x00000000c0000000,0x00000000c1874878,0x00000000c4300000)
 Metaspace       used 35136K, committed 35840K, reserved 1089536K
  class space    used 3452K, committed 3776K, reserved 1048576K
}
Event: 8.447 GC heap before
{Heap before GC invocations=19 (full 2):
 PSYoungGen      total 23040K, used 800K [0x00000000eab00000, 0x00000000ec480000, 0x0000000100000000)
  eden space 22016K, 0% used [0x00000000eab00000,0x00000000eab00000,0x00000000ec080000)
  from space 1024K, 78% used [0x00000000ec280000,0x00000000ec348000,0x00000000ec380000)
  to   space 1024K, 0% used [0x00000000ec380000,0x00000000ec380000,0x00000000ec480000)
 ParOldGen       total 68608K, used 25042K [0x00000000c0000000, 0x00000000c4300000, 0x00000000eab00000)
  object space 68608K, 36% used [0x00000000c0000000,0x00000000c1874878,0x00000000c4300000)
 Metaspace       used 35136K, committed 35840K, reserved 1089536K
  class space    used 3452K, committed 3776K, reserved 1048576K
}
Event: 8.467 GC heap after
{Heap after GC invocations=19 (full 2):
 PSYoungGen      total 23040K, used 0K [0x00000000eab00000, 0x00000000ec480000, 0x0000000100000000)
  eden space 22016K, 0% used [0x00000000eab00000,0x00000000eab00000,0x00000000ec080000)
  from space 1024K, 0% used [0x00000000ec280000,0x00000000ec280000,0x00000000ec380000)
  to   space 1024K, 0% used [0x00000000ec380000,0x00000000ec380000,0x00000000ec480000)
 ParOldGen       total 68608K, used 24340K [0x00000000c0000000, 0x00000000c4300000, 0x00000000eab00000)
  object space 68608K, 35% used [0x00000000c0000000,0x00000000c17c53b8,0x00000000c4300000)
 Metaspace       used 35136K, committed 35840K, reserved 1089536K
  class space    used 3452K, committed 3776K, reserved 1048576K
}
Event: 8.890 GC heap before
{Heap before GC invocations=20 (full 2):
 PSYoungGen      total 23040K, used 22016K [0x00000000eab00000, 0x00000000ec480000, 0x0000000100000000)
  eden space 22016K, 100% used [0x00000000eab00000,0x00000000ec080000,0x00000000ec080000)
  from space 1024K, 0% used [0x00000000ec280000,0x00000000ec280000,0x00000000ec380000)
  to   space 1024K, 0% used [0x00000000ec380000,0x00000000ec380000,0x00000000ec480000)
 ParOldGen       total 68608K, used 24340K [0x00000000c0000000, 0x00000000c4300000, 0x00000000eab00000)
  object space 68608K, 35% used [0x00000000c0000000,0x00000000c17c53b8,0x00000000c4300000)
 Metaspace       used 38131K, committed 38848K, reserved 1089536K
  class space    used 3717K, committed 4032K, reserved 1048576K
}
Event: 8.891 GC heap after
{Heap after GC invocations=20 (full 2):
 PSYoungGen      total 23040K, used 1007K [0x00000000eab00000, 0x00000000ec680000, 0x0000000100000000)
  eden space 22016K, 0% used [0x00000000eab00000,0x00000000eab00000,0x00000000ec080000)
  from space 1024K, 98% used [0x00000000ec380000,0x00000000ec47be78,0x00000000ec480000)
  to   space 3072K, 0% used [0x00000000ec080000,0x00000000ec080000,0x00000000ec380000)
 ParOldGen       total 68608K, used 25840K [0x00000000c0000000, 0x00000000c4300000, 0x00000000eab00000)
  object space 68608K, 37% used [0x00000000c0000000,0x00000000c193c2e8,0x00000000c4300000)
 Metaspace       used 38131K, committed 38848K, reserved 1089536K
  class space    used 3717K, committed 4032K, reserved 1048576K
}

Deoptimization events (20 events):
Event: 10.097 Thread 0x00000213ad3913c0 Uncommon trap: trap_request=0xffffffde fr.pc=0x000002139f4a5e10 relative=0x0000000000000bd0
Event: 10.097 Thread 0x00000213ad3913c0 Uncommon trap: reason=class_check action=maybe_recompile pc=0x000002139f4a5e10 method=java.util.Spliterators$1Adapter.hasNext()Z @ 12 c2
Event: 10.097 Thread 0x00000213ad3913c0 DEOPT PACKING pc=0x000002139f4a5e10 sp=0x000000389d6fe650
Event: 10.097 Thread 0x00000213ad3913c0 DEOPT UNPACKING pc=0x00000213977e20a3 sp=0x000000389d6fe618 mode 2
Event: 10.097 Thread 0x00000213ad3913c0 Uncommon trap: trap_request=0xffffffde fr.pc=0x000002139f4a5e10 relative=0x0000000000000bd0
Event: 10.097 Thread 0x00000213ad3913c0 Uncommon trap: reason=class_check action=maybe_recompile pc=0x000002139f4a5e10 method=java.util.Spliterators$1Adapter.hasNext()Z @ 12 c2
Event: 10.097 Thread 0x00000213ad3913c0 DEOPT PACKING pc=0x000002139f4a5e10 sp=0x000000389d6fe660
Event: 10.097 Thread 0x00000213ad3913c0 DEOPT UNPACKING pc=0x00000213977e20a3 sp=0x000000389d6fe628 mode 2
Event: 10.097 Thread 0x00000213ad3913c0 Uncommon trap: trap_request=0xffffffde fr.pc=0x000002139f4a5e10 relative=0x0000000000000bd0
Event: 10.097 Thread 0x00000213ad3913c0 Uncommon trap: reason=class_check action=maybe_recompile pc=0x000002139f4a5e10 method=java.util.Spliterators$1Adapter.hasNext()Z @ 12 c2
Event: 10.097 Thread 0x00000213ad3913c0 DEOPT PACKING pc=0x000002139f4a5e10 sp=0x000000389d6fe660
Event: 10.097 Thread 0x00000213ad3913c0 DEOPT UNPACKING pc=0x00000213977e20a3 sp=0x000000389d6fe628 mode 2
Event: 10.098 Thread 0x00000213ad3913c0 Uncommon trap: trap_request=0xffffffde fr.pc=0x000002139f4a5e10 relative=0x0000000000000bd0
Event: 10.098 Thread 0x00000213ad3913c0 Uncommon trap: reason=class_check action=maybe_recompile pc=0x000002139f4a5e10 method=java.util.Spliterators$1Adapter.hasNext()Z @ 12 c2
Event: 10.098 Thread 0x00000213ad3913c0 DEOPT PACKING pc=0x000002139f4a5e10 sp=0x000000389d6fe5c0
Event: 10.098 Thread 0x00000213ad3913c0 DEOPT UNPACKING pc=0x00000213977e20a3 sp=0x000000389d6fe588 mode 2
Event: 10.154 Thread 0x00000213ad3913c0 Uncommon trap: trap_request=0xffffff45 fr.pc=0x000002139f47c2ec relative=0x0000000000003fac
Event: 10.154 Thread 0x00000213ad3913c0 Uncommon trap: reason=unstable_if action=reinterpret pc=0x000002139f47c2ec method=jdk.internal.org.objectweb.asm.Frame.push(I)V @ 26 c2
Event: 10.154 Thread 0x00000213ad3913c0 DEOPT PACKING pc=0x000002139f47c2ec sp=0x000000389d6fd2a0
Event: 10.154 Thread 0x00000213ad3913c0 DEOPT UNPACKING pc=0x00000213977e20a3 sp=0x000000389d6fd1c8 mode 2

Classes unloaded (7 events):
Event: 3.925 Thread 0x00000213aa2633c0 Unloading class 0x0000000800d5c400 'java/lang/invoke/LambdaForm$MH+0x0000000800d5c400'
Event: 3.925 Thread 0x00000213aa2633c0 Unloading class 0x0000000800d5c000 'java/lang/invoke/LambdaForm$MH+0x0000000800d5c000'
Event: 3.925 Thread 0x00000213aa2633c0 Unloading class 0x0000000800d5bc00 'java/lang/invoke/LambdaForm$MH+0x0000000800d5bc00'
Event: 3.925 Thread 0x00000213aa2633c0 Unloading class 0x0000000800d5b800 'java/lang/invoke/LambdaForm$MH+0x0000000800d5b800'
Event: 3.925 Thread 0x00000213aa2633c0 Unloading class 0x0000000800d5b000 'java/lang/invoke/LambdaForm$BMH+0x0000000800d5b000'
Event: 3.925 Thread 0x00000213aa2633c0 Unloading class 0x0000000800d5ac00 'java/lang/invoke/LambdaForm$DMH+0x0000000800d5ac00'
Event: 3.925 Thread 0x00000213aa2633c0 Unloading class 0x0000000800d58000 'java/lang/invoke/LambdaForm$DMH+0x0000000800d58000'

Classes redefined (0 events):
No events

Internal exceptions (20 events):
Event: 5.125 Thread 0x00000213ad3913c0 Exception <a 'java/lang/NoSuchMethodError'{0x00000000eb215d90}: 'java.lang.Object java.lang.invoke.DirectMethodHandle$Holder.newInvokeSpecial(java.lang.Object, java.lang.Object, java.lang.Object, int, java.lang.Object)'> (0x00000000eb215d90) 
thrown [e:\jenkins\tmp\workspace\build\src\src\hotspot\share\interpreter\linkResolver.cpp, line 766]
Event: 5.126 Thread 0x00000213ad3913c0 Exception <a 'java/lang/NoSuchMethodError'{0x00000000eb219f40}: 'java.lang.Object java.lang.invoke.DirectMethodHandle$Holder.invokeSpecial(java.lang.Object, java.lang.Object, java.lang.Object, java.lang.Object, int, java.lang.Object)'> (0x00000000eb219f40) 
thrown [e:\jenkins\tmp\workspace\build\src\src\hotspot\share\interpreter\linkResolver.cpp, line 766]
Event: 5.126 Thread 0x00000213ad3913c0 Exception <a 'java/lang/NoSuchMethodError'{0x00000000eb21d780}: 'java.lang.Object java.lang.invoke.Invokers$Holder.linkToTargetMethod(java.lang.Object, java.lang.Object, int, java.lang.Object, java.lang.Object)'> (0x00000000eb21d780) 
thrown [e:\jenkins\tmp\workspace\build\src\src\hotspot\share\interpreter\linkResolver.cpp, line 766]
Event: 5.276 Thread 0x00000213ad391d60 Exception <a 'java/lang/NoSuchMethodError'{0x00000000eb4b0838}: 'java.lang.Object java.lang.invoke.DirectMethodHandle$Holder.invokeInterface(java.lang.Object, java.lang.Object, java.lang.Object)'> (0x00000000eb4b0838) 
thrown [e:\jenkins\tmp\workspace\build\src\src\hotspot\share\interpreter\linkResolver.cpp, line 766]
Event: 5.418 Thread 0x00000213ad391d60 Implicit null exception at 0x000002139f4163c8 to 0x000002139f416488
Event: 6.962 Thread 0x00000213ad391d60 Implicit null exception at 0x000002139f4526c3 to 0x000002139f4532ec
Event: 6.962 Thread 0x00000213ad391d60 Implicit null exception at 0x000002139f44f7c7 to 0x000002139f450464
Event: 8.034 Thread 0x00000213ad3930a0 Exception <a 'java/lang/ArrayIndexOutOfBoundsException'{0x00000000eaf65140}: Index 3497 out of bounds for length 3496> (0x00000000eaf65140) 
thrown [e:\jenkins\tmp\workspace\build\src\src\hotspot\share\interpreter\interpreterRuntime.cpp, line 428]
Event: 8.498 Thread 0x00000213ad3913c0 Exception <a 'java/lang/NoSuchMethodError'{0x00000000ead73c80}: 'int java.lang.invoke.DirectMethodHandle$Holder.invokeStatic(java.lang.Object, java.lang.Object, java.lang.Object, int)'> (0x00000000ead73c80) 
thrown [e:\jenkins\tmp\workspace\build\src\src\hotspot\share\interpreter\linkResolver.cpp, line 766]
Event: 8.508 Thread 0x00000213ad3913c0 Exception <a 'java/lang/NoSuchMethodError'{0x00000000eae22340}: 'int java.lang.invoke.DirectMethodHandle$Holder.invokeVirtual(java.lang.Object, java.lang.Object, java.lang.Object)'> (0x00000000eae22340) 
thrown [e:\jenkins\tmp\workspace\build\src\src\hotspot\share\interpreter\linkResolver.cpp, line 766]
Event: 8.511 Thread 0x00000213ad3913c0 Exception <a 'java/lang/NoSuchMethodError'{0x00000000eae45240}: 'int java.lang.invoke.DirectMethodHandle$Holder.invokeSpecialIFC(java.lang.Object, java.lang.Object, java.lang.Object)'> (0x00000000eae45240) 
thrown [e:\jenkins\tmp\workspace\build\src\src\hotspot\share\interpreter\linkResolver.cpp, line 766]
Event: 8.544 Thread 0x00000213ad3913c0 Exception <a 'java/io/FileNotFoundException'{0x00000000eb092d30}> (0x00000000eb092d30) 
thrown [e:\jenkins\tmp\workspace\build\src\src\hotspot\share\prims\jni.cpp, line 516]
Event: 8.547 Thread 0x00000213ad3913c0 Exception <a 'java/io/FileNotFoundException'{0x00000000eb0a7de8}> (0x00000000eb0a7de8) 
thrown [e:\jenkins\tmp\workspace\build\src\src\hotspot\share\prims\jni.cpp, line 516]
Event: 8.880 Thread 0x00000213ad3913c0 Exception <a 'java/io/FileNotFoundException'{0x00000000ebfb7c20}> (0x00000000ebfb7c20) 
thrown [e:\jenkins\tmp\workspace\build\src\src\hotspot\share\prims\jni.cpp, line 516]
Event: 8.880 Thread 0x00000213ad3913c0 Exception <a 'java/io/FileNotFoundException'{0x00000000ebfb9400}> (0x00000000ebfb9400) 
thrown [e:\jenkins\tmp\workspace\build\src\src\hotspot\share\prims\jni.cpp, line 516]
Event: 10.118 Thread 0x00000213ad3913c0 Exception <a 'java/io/FileNotFoundException'{0x00000000ead73588}> (0x00000000ead73588) 
thrown [e:\jenkins\tmp\workspace\build\src\src\hotspot\share\prims\jni.cpp, line 516]
Event: 10.155 Thread 0x00000213ad3913c0 Exception <a 'java/lang/NoSuchMethodError'{0x00000000eae3bcd0}: 'java.lang.Object java.lang.invoke.DirectMethodHandle$Holder.newInvokeSpecial(java.lang.Object, java.lang.Object, java.lang.Object, java.lang.Object, java.lang.Object, java.lang.Object, java.lang.Object, java.lang.Object, java.lang.Object, java.lang.Object)'> (0x00000000eae3bcd0) 
thrown [e:\jenkins\tmp\workspace\build\src\src\hotspot\share\interpreter\linkResolver.cpp, line 766]
Event: 10.155 Thread 0x00000213ad3913c0 Exception <a 'java/lang/NoSuchMethodError'{0x00000000eae409c0}: 'java.lang.Object java.lang.invoke.DirectMethodHandle$Holder.invokeSpecial(java.lang.Object, java.lang.Object, java.lang.Object, java.lang.Object, java.lang.Object, java.lang.Object, java.lang.Object, java.lang.Object, java.lang.Object, java.lang.Object, java.lang.Object)'> (0x00000000eae409c0) 
thrown [e:\jenkins\tmp\workspace\build\src\src\hotspot\share\interpreter\linkResolver.cpp, line 766]
Event: 10.155 Thread 0x00000213ad3913c0 Exception <a 'java/lang/NoSuchMethodError'{0x00000000eae44ed0}: 'java.lang.Object java.lang.invoke.Invokers$Holder.linkToTargetMethod(java.lang.Object, java.lang.Object, java.lang.Object, java.lang.Object, java.lang.Object, java.lang.Object, java.lang.Object, java.lang.Object, java.lang.Object, java.lang.Object)'> (0x00000000eae44ed0) 
thrown [e:\jenkins\tmp\workspace\build\src\src\hotspot\share\interpreter\linkResolver.cpp, line 766]
Event: 10.174 Thread 0x00000213ad3913c0 Exception <a 'sun/nio/fs/WindowsException'{0x00000000eaec7c38}> (0x00000000eaec7c38) 
thrown [e:\jenkins\tmp\workspace\build\src\src\hotspot\share\prims\jni.cpp, line 516]

VM Operations (20 events):
Event: 8.447 Executing VM operation: CollectForMetadataAllocation
Event: 8.467 Executing VM operation: CollectForMetadataAllocation done
Event: 8.513 Executing VM operation: HandshakeAllThreads
Event: 8.513 Executing VM operation: HandshakeAllThreads done
Event: 8.645 Executing VM operation: ICBufferFull
Event: 8.645 Executing VM operation: ICBufferFull done
Event: 8.655 Executing VM operation: HandshakeAllThreads
Event: 8.655 Executing VM operation: HandshakeAllThreads done
Event: 8.883 Executing VM operation: ICBufferFull
Event: 8.884 Executing VM operation: ICBufferFull done
Event: 8.887 Executing VM operation: HandshakeAllThreads
Event: 8.887 Executing VM operation: HandshakeAllThreads done
Event: 8.890 Executing VM operation: ParallelGCFailedAllocation
Event: 8.891 Executing VM operation: ParallelGCFailedAllocation done
Event: 8.900 Executing VM operation: HandshakeAllThreads
Event: 8.900 Executing VM operation: HandshakeAllThreads done
Event: 8.913 Executing VM operation: HandshakeAllThreads
Event: 8.913 Executing VM operation: HandshakeAllThreads done
Event: 9.913 Executing VM operation: Cleanup
Event: 9.913 Executing VM operation: Cleanup done

Events (20 events):
Event: 10.139 loading class sun/util/locale/provider/BaseLocaleDataMetaInfo done
Event: 10.141 loading class sun/util/resources/cldr/TimeZoneNames
Event: 10.141 loading class sun/util/resources/TimeZoneNamesBundle
Event: 10.141 loading class sun/util/resources/OpenListResourceBundle
Event: 10.141 loading class sun/util/resources/OpenListResourceBundle done
Event: 10.141 loading class sun/util/resources/TimeZoneNamesBundle done
Event: 10.141 loading class sun/util/resources/cldr/TimeZoneNames done
Event: 10.142 loading class sun/util/resources/cldr/TimeZoneNames_en
Event: 10.143 loading class sun/util/resources/cldr/TimeZoneNames_en done
Event: 10.143 loading class sun/util/resources/cldr/TimeZoneNames_en_US
Event: 10.143 loading class sun/util/resources/cldr/TimeZoneNames_en_US done
Event: 10.158 Thread 0x00000213b08ce510 Thread added: 0x00000213b08ce510
Event: 10.159 Thread 0x00000213b08ce9e0 Thread added: 0x00000213b08ce9e0
Event: 10.164 Thread 0x00000213b08ceeb0 Thread added: 0x00000213b08ceeb0
Event: 10.165 Thread 0x00000213b08ce510 Thread exited: 0x00000213b08ce510
Event: 10.165 Thread 0x00000213b08ceeb0 Thread exited: 0x00000213b08ceeb0
Event: 10.165 Thread 0x00000213b08ce9e0 Thread exited: 0x00000213b08ce9e0
Event: 10.174 loading class sun/nio/fs/WindowsException
Event: 10.174 loading class sun/nio/fs/WindowsException done
Event: 10.205 Thread 0x00000213b08d01f0 Thread added: 0x00000213b08d01f0


Dynamic libraries:
0x00007ff7935a0000 - 0x00007ff7935ae000 	e:\jdk\bin\java.exe
0x00007ffda6e70000 - 0x00007ffda7068000 	C:\Windows\SYSTEM32\ntdll.dll
0x00007ffda6530000 - 0x00007ffda65ef000 	C:\Windows\System32\KERNEL32.DLL
0x00007ffda4a00000 - 0x00007ffda4cd2000 	C:\Windows\System32\KERNELBASE.dll
0x00007ffda4d80000 - 0x00007ffda4e80000 	C:\Windows\System32\ucrtbase.dll
0x00007ffd661e0000 - 0x00007ffd661f8000 	e:\jdk\bin\jli.dll
0x00007ffd661c0000 - 0x00007ffd661d9000 	e:\jdk\bin\VCRUNTIME140.dll
0x00007ffda6af0000 - 0x00007ffda6c91000 	C:\Windows\System32\USER32.dll
0x00007ffda4e80000 - 0x00007ffda4ea2000 	C:\Windows\System32\win32u.dll
0x00007ffda5fc0000 - 0x00007ffda5feb000 	C:\Windows\System32\GDI32.dll
0x00007ffda4840000 - 0x00007ffda494f000 	C:\Windows\System32\gdi32full.dll
0x00007ffd90d20000 - 0x00007ffd90fba000 	C:\Windows\WinSxS\amd64_microsoft.windows.common-controls_6595b64144ccf1df_6.0.19041.1110_none_60b5254171f9507e\COMCTL32.dll
0x00007ffda4ce0000 - 0x00007ffda4d7d000 	C:\Windows\System32\msvcp_win.dll
0x00007ffda65f0000 - 0x00007ffda668e000 	C:\Windows\System32\msvcrt.dll
0x00007ffda6690000 - 0x00007ffda66c2000 	C:\Windows\System32\IMM32.DLL
0x00007ffd661b0000 - 0x00007ffd661bc000 	e:\jdk\bin\vcruntime140_1.dll
0x00007ffd642d0000 - 0x00007ffd64361000 	e:\jdk\bin\msvcp140.dll
0x00007ffcfdad0000 - 0x00007ffcfe717000 	e:\jdk\bin\server\jvm.dll
0x00007ffda68b0000 - 0x00007ffda695e000 	C:\Windows\System32\ADVAPI32.dll
0x00007ffda53c0000 - 0x00007ffda545c000 	C:\Windows\System32\sechost.dll
0x00007ffda6780000 - 0x00007ffda68a5000 	C:\Windows\System32\RPCRT4.dll
0x00007ffda5790000 - 0x00007ffda5798000 	C:\Windows\System32\PSAPI.DLL
0x00007ffd9a3f0000 - 0x00007ffd9a3fa000 	C:\Windows\SYSTEM32\VERSION.dll
0x00007ffd6da80000 - 0x00007ffd6da89000 	C:\Windows\SYSTEM32\WSOCK32.dll
0x00007ffd97b80000 - 0x00007ffd97ba7000 	C:\Windows\SYSTEM32\WINMM.dll
0x00007ffda5f50000 - 0x00007ffda5fbb000 	C:\Windows\System32\WS2_32.dll
0x00007ffda2d70000 - 0x00007ffda2d82000 	C:\Windows\SYSTEM32\kernel.appcore.dll
0x00007ffd661a0000 - 0x00007ffd661aa000 	e:\jdk\bin\jimage.dll
0x00007ffda23b0000 - 0x00007ffda2594000 	C:\Windows\SYSTEM32\DBGHELP.DLL
0x00007ffd899e0000 - 0x00007ffd89a15000 	C:\Windows\SYSTEM32\dbgcore.DLL
0x00007ffda47b0000 - 0x00007ffda4832000 	C:\Windows\System32\bcryptPrimitives.dll
0x00007ffd63d70000 - 0x00007ffd63d7e000 	e:\jdk\bin\instrument.dll
0x00007ffd63d40000 - 0x00007ffd63d65000 	e:\jdk\bin\java.dll
0x00007ffd63c40000 - 0x00007ffd63d16000 	e:\jdk\bin\jsvml.dll
0x00007ffda5800000 - 0x00007ffda5f44000 	C:\Windows\System32\SHELL32.dll
0x00007ffda25c0000 - 0x00007ffda2d52000 	C:\Windows\SYSTEM32\windows.storage.dll
0x00007ffda4eb0000 - 0x00007ffda5205000 	C:\Windows\System32\combase.dll
0x00007ffda3fc0000 - 0x00007ffda3ff0000 	C:\Windows\SYSTEM32\Wldp.dll
0x00007ffda6480000 - 0x00007ffda652d000 	C:\Windows\System32\SHCORE.dll
0x00007ffda6ca0000 - 0x00007ffda6cf5000 	C:\Windows\System32\shlwapi.dll
0x00007ffda44a0000 - 0x00007ffda44bf000 	C:\Windows\SYSTEM32\profapi.dll
0x00007ffd63c20000 - 0x00007ffd63c38000 	e:\jdk\bin\zip.dll
0x00007ffd63c00000 - 0x00007ffd63c19000 	E:\jdk\bin\net.dll
0x00007ffd9cba0000 - 0x00007ffd9ccac000 	C:\Windows\SYSTEM32\WINHTTP.dll
0x00007ffda3cd0000 - 0x00007ffda3d3a000 	C:\Windows\system32\mswsock.dll
0x00007ffd63be0000 - 0x00007ffd63bf5000 	E:\jdk\bin\nio.dll
0x00007ffd63bd0000 - 0x00007ffd63be0000 	e:\jdk\bin\verify.dll
0x00007ffd6d1d0000 - 0x00007ffd6d20e000 	C:\Users\ZYT20\AppData\Roaming\Code\User\globalStorage\redhat.java\1.13.0\config_ss_win\org.eclipse.equinox.launcher\org.eclipse.equinox.launcher.win32.win32.x86_64_1.2.600.v20220720-1916\eclipse_11700.dll
0x00007ffda6d00000 - 0x00007ffda6e2a000 	C:\Windows\System32\ole32.dll
0x00007ffda3e80000 - 0x00007ffda3e98000 	C:\Windows\SYSTEM32\CRYPTSP.dll
0x00007ffda3590000 - 0x00007ffda35c4000 	C:\Windows\system32\rsaenh.dll
0x00007ffda4730000 - 0x00007ffda4757000 	C:\Windows\System32\bcrypt.dll
0x00007ffda4420000 - 0x00007ffda444e000 	C:\Windows\SYSTEM32\USERENV.dll
0x00007ffda3ea0000 - 0x00007ffda3eac000 	C:\Windows\SYSTEM32\CRYPTBASE.dll
0x00007ffda3980000 - 0x00007ffda39bb000 	C:\Windows\SYSTEM32\IPHLPAPI.DLL
0x00007ffda6ae0000 - 0x00007ffda6ae8000 	C:\Windows\System32\NSI.dll
0x00007ffd9c4c0000 - 0x00007ffd9c4d7000 	C:\Windows\SYSTEM32\dhcpcsvc6.DLL
0x00007ffd9b490000 - 0x00007ffd9b4ad000 	C:\Windows\SYSTEM32\dhcpcsvc.DLL
0x00007ffda39d0000 - 0x00007ffda3a9a000 	C:\Windows\SYSTEM32\DNSAPI.dll
0x00007ffd63b20000 - 0x00007ffd63b60000 	C:\Users\ZYT20\AppData\Local\Temp\jna-85850611\jna17859667097809481289.dll

dbghelp: loaded successfully - version: 4.0.5 - missing functions: none
symbol engine: initialized successfully - sym options: 0x614 - pdb path: .;e:\jdk\bin;C:\Windows\SYSTEM32;C:\Windows\WinSxS\amd64_microsoft.windows.common-controls_6595b64144ccf1df_6.0.19041.1110_none_60b5254171f9507e;e:\jdk\bin\server;C:\Users\ZYT20\AppData\Roaming\Code\User\globalStorage\redhat.java\1.13.0\config_ss_win\org.eclipse.equinox.launcher\org.eclipse.equinox.launcher.win32.win32.x86_64_1.2.600.v20220720-1916;C:\Users\ZYT20\AppData\Local\Temp\jna-85850611

VM Arguments:
jvm_args: --add-modules=ALL-SYSTEM --add-opens=java.base/java.util=ALL-UNNAMED --add-opens=java.base/java.lang=ALL-UNNAMED --add-opens=java.base/sun.nio.fs=ALL-UNNAMED -Declipse.application=org.eclipse.jdt.ls.core.id1 -Dosgi.bundles.defaultStartLevel=4 -Declipse.product=org.eclipse.jdt.ls.core.product -Djava.import.generatesMetadataFilesAtProjectRoot=false -Dfile.encoding=utf8 -XX:+UseParallelGC -XX:GCTimeRatio=4 -XX:AdaptiveSizePolicyWeight=90 -Dsun.zip.disableMemoryMapping=true -Xmx1G -Xms100m -Xlog:disable -javaagent:c:\Users\ZYT20\.vscode\extensions\redhat.java-1.13.0-win32-x64\lombok\lombok-1.18.24.jar 
java_command: c:\Users\ZYT20\.vscode\extensions\redhat.java-1.13.0-win32-x64\server\plugins\org.eclipse.equinox.launcher_1.6.400.v20210924-0641.jar -configuration c:\Users\ZYT20\AppData\Roaming\Code\User\globalStorage\redhat.java\1.13.0\config_ss_win -data c:\Users\ZYT20\AppData\Roaming\Code\User\workspaceStorage\82c29d3eb06bfaf88095d7a98bb9c494\redhat.java\ss_ws
java_class_path (initial): c:\Users\ZYT20\.vscode\extensions\redhat.java-1.13.0-win32-x64\server\plugins\org.eclipse.equinox.launcher_1.6.400.v20210924-0641.jar
Launcher Type: SUN_STANDARD

[Global flags]
    uintx AdaptiveSizePolicyWeight                 = 90                                        {product} {command line}
     intx CICompilerCount                          = 12                                        {product} {ergonomic}
    uintx GCTimeRatio                              = 4                                         {product} {command line}
   size_t InitialHeapSize                          = 104857600                                 {product} {command line}
   size_t MaxHeapSize                              = 1073741824                                {product} {command line}
   size_t MaxNewSize                               = 357564416                                 {product} {ergonomic}
   size_t MinHeapDeltaBytes                        = 524288                                    {product} {ergonomic}
   size_t MinHeapSize                              = 104857600                                 {product} {command line}
   size_t NewSize                                  = 34603008                                  {product} {ergonomic}
    uintx NonNMethodCodeHeapSize                   = 7602480                                {pd product} {ergonomic}
    uintx NonProfiledCodeHeapSize                  = 122027880                              {pd product} {ergonomic}
   size_t OldSize                                  = 70254592                                  {product} {ergonomic}
    uintx ProfiledCodeHeapSize                     = 122027880                              {pd product} {ergonomic}
    uintx ReservedCodeCacheSize                    = 251658240                              {pd product} {ergonomic}
     bool SegmentedCodeCache                       = true                                      {product} {ergonomic}
   size_t SoftMaxHeapSize                          = 1073741824                             {manageable} {ergonomic}
     bool UseCompressedClassPointers               = true                           {product lp64_product} {ergonomic}
     bool UseCompressedOops                        = true                           {product lp64_product} {ergonomic}
     bool UseLargePagesIndividualAllocation        = false                                  {pd product} {ergonomic}
     bool UseParallelGC                            = true                                      {product} {command line}

Logging:
Log output configuration:
 #0: stdout all=off uptime,level,tags
 #1: stderr all=off uptime,level,tags

Environment Variables:
PATH=E:\cuda\toolkit\installed\bin;E:\cuda\toolkit\installed\libnvvp;C:\Program Files\NVIDIA GPU Computing Toolkit\CUDA\v11.3\bin;C:\Program Files\NVIDIA GPU Computing Toolkit\CUDA\v11.3\libnvvp;E:\jdk\bin;C:\Program Files\Alacritty\;c:\users\zyt20\appdata\local\programs\python\python38\lib\site-packages;C:\Program Files\Common Files\Oracle\Java\javapath;C:\Users\ZYT20\AppData\Local\Programs\Python\Python38\Scripts;C:\Users\ZYT20\AppData\Local\Programs\Python\Python38;C:\Python310\Scripts\;C:\Python310\;E:\vmware\bin\;C:\Program Files (x86)\Common Files\Oracle\Java\javapath;C:\Windows\system32;C:\Windows;C:\Windows\System32\Wbem;C:\Windows\System32\WindowsPowerShell\v1.0\;C:\Windows\System32\OpenSSH\;C:\Program Files\dotnet\;E:\xmanager\Xmanager 7\;E:\xmanager\Xshell 7\;E:\xmanager\Xftp 7\;E:\xmanager\Xlpd 7\;C:\mingw64\bin\;E:\Graphviz\bin;C:\Program Files\MiKTeX\miktex\bin\x64\;E:\Latex\installed\texlive\2021\bin\win32;E:\matlab\runtime\win64;E:\matlab\bin;E:\matlab\polyspace\bin;C:\ProgramData\chocolatey\bin;C:\Program Files (x86)\GTK2-Runtime\bin;E:\git\Git\cmd;E:\git\Git\bin;E:\cmake\bin;E:\CV4_on_cpp\opencv\build\bin;E:\nodejs\;C:\Users\ZYT20\anaconda3\Scripts;C:\Users\ZYT20\anaconda3;C:\Program Files (x86)\NVIDIA Corporation\PhysX\Common;C:\Program Files (x86)\Wolfram Research\WolframScript\;C:\Program Files\NASM\;C:\Program Files (x86)\Microsoft Visual Studio\2019\Community\VC\Tools\MSVC\14.29.30037\bin\Hostx64\x64\;C:\Program Files\NVIDIA Corporation\Nsight Compute 2022.1.1\;E:\hexo blog\blog\node_modules\.bin;E:\nwjs\nwjs-v0.63.0-win-x64\;E:\vcpkg\vcpkg;C:\Users\ZYT20\AppData\Local\Microsoft\WindowsApps;E:\Clang\win installed\bin;E:\calibre\;E:\maven\apache-maven-3.8.6\bin;E:\TortoiseGit\bin;E:\cuda\toolkit\installed\bin\\..\extras\CUPTI\lib64;E:\cuda\toolkit\installed\bin;E:\cuda\toolkit\installed\libnvvp;C:\Program Files\NVIDIA GPU Computing Toolkit\CUDA\v11.3\bin;C:\Program Files\NVIDIA GPU Computing Toolkit\CUDA\v11.3\libnvvp;E:\jdk\bin;C:\Program Files\A
USERNAME=ZYT20
OS=Windows_NT
PROCESSOR_IDENTIFIER=AMD64 Family 25 Model 80 Stepping 0, AuthenticAMD



---------------  S Y S T E M  ---------------

OS:
 Windows 10 , 64 bit Build 19041 (10.0.19041.2364)
OS uptime: 2 days 12:44 hours
Hyper-V role detected

CPU: total 16 (initial active 16) (16 cores per cpu, 2 threads per core) family 25 model 80 stepping 0 microcode 0x0, cx8, cmov, fxsr, ht, mmx, 3dnowpref, sse, sse2, sse3, ssse3, sse4a, sse4.1, sse4.2, popcnt, lzcnt, tsc, tscinvbit, avx, avx2, aes, erms, clmul, bmi1, bmi2, adx, sha, fma, vzeroupper, clflush, clflushopt, hv

Memory: 4k page, system-wide physical 32620M (3051M free)
TotalPageFile size 66691M (AvailPageFile size 87M)
current process WorkingSet (physical memory assigned to process): 228M, peak: 251M
current process commit charge ("private bytes"): 333M, peak: 357M

vm_info: OpenJDK 64-Bit Server VM (17.0.2+8) for windows-amd64 JRE (17.0.2+8), built on Jan 20 2022 04:52:34 by "" with MS VC++ 16.7 (VS2019)

END.
