#
# There is insufficient memory for the Java Runtime Environment to continue.
# Native memory allocation (malloc) failed to allocate 1038576 bytes for Chunk::new
# Possible reasons:
#   The system is out of physical RAM or swap space
#   The process is running with CompressedOops enabled, and the Java Heap may be blocking the growth of the native heap
# Possible solutions:
#   Reduce memory load on the system
#   Increase physical memory or swap space
#   Check if swap backing store is full
#   Decrease Java heap size (-Xmx/-Xms)
#   Decrease number of Java threads
#   Decrease Java thread stack sizes (-Xss)
#   Set larger code cache with -XX:ReservedCodeCacheSize=
#   JVM is running with Unscaled Compressed Oops mode in which the Java heap is
#     placed in the first 4GB address space. The Java Heap base address is the
#     maximum limit for the native heap growth. Please use -XX:HeapBaseMinAddress
#     to set the Java Heap base and to place the Java Heap above 4GB virtual address.
# This output file may be truncated or incomplete.
#
#  Out of Memory Error (arena.cpp:189), pid=67828, tid=53304
#
# JRE version: OpenJDK Runtime Environment Temurin-17.0.2+8 (17.0.2+8) (build 17.0.2+8)
# Java VM: OpenJDK 64-Bit Server VM Temurin-17.0.2+8 (17.0.2+8, mixed mode, sharing, tiered, compressed oops, compressed class ptrs, parallel gc, windows-amd64)
# No core dump will be written. Minidumps are not enabled by default on client versions of Windows
#

---------------  S U M M A R Y ------------

Command Line: --add-modules=ALL-SYSTEM --add-opens=java.base/java.util=ALL-UNNAMED --add-opens=java.base/java.lang=ALL-UNNAMED --add-opens=java.base/sun.nio.fs=ALL-UNNAMED -Declipse.application=org.eclipse.jdt.ls.core.id1 -Dosgi.bundles.defaultStartLevel=4 -Declipse.product=org.eclipse.jdt.ls.core.product -Djava.import.generatesMetadataFilesAtProjectRoot=false -Dfile.encoding=utf8 -XX:+UseParallelGC -XX:GCTimeRatio=4 -XX:AdaptiveSizePolicyWeight=90 -Dsun.zip.disableMemoryMapping=true -Xmx1G -Xms100m -Xlog:disable -javaagent:c:\Users\ZYT20\.vscode\extensions\redhat.java-1.13.0-win32-x64\lombok\lombok-1.18.24.jar -XX:+HeapDumpOnOutOfMemoryError -XX:HeapDumpPath=c:\Users\ZYT20\AppData\Roaming\Code\User\workspaceStorage\82c29d3eb06bfaf88095d7a98bb9c494\redhat.java c:\Users\ZYT20\.vscode\extensions\redhat.java-1.13.0-win32-x64\server\plugins\org.eclipse.equinox.launcher_1.6.400.v20210924-0641.jar -configuration c:\Users\ZYT20\AppData\Roaming\Code\User\globalStorage\redhat.java\1.13.0\config_win -data c:\Users\ZYT20\AppData\Roaming\Code\User\workspaceStorage\82c29d3eb06bfaf88095d7a98bb9c494\redhat.java\jdt_ws

Host: AMD Ryzen 7 5800H with Radeon Graphics         , 16 cores, 31G,  Windows 10 , 64 bit Build 19041 (10.0.19041.2364)
Time: Tue Dec 20 22:31:47 2022  Windows 10 , 64 bit Build 19041 (10.0.19041.2364) elapsed time: 9.987198 seconds (0d 0h 0m 9s)

---------------  T H R E A D  ---------------

Current thread (0x0000023da1bde200):  JavaThread "C2 CompilerThread1" daemon [_thread_in_native, id=53304, stack(0x000000ed90100000,0x000000ed90200000)]


Current CompileTask:
C2:   9987 7526       4       org.eclipse.jdt.internal.compiler.lookup.BinaryTypeBinding::createMethod (1719 bytes)

Stack: [0x000000ed90100000,0x000000ed90200000]
Native frames: (J=compiled Java code, j=interpreted, Vv=VM code, C=native code)
V  [jvm.dll+0x67564a]
V  [jvm.dll+0x82fc04]
V  [jvm.dll+0x8313ae]
V  [jvm.dll+0x831a13]
V  [jvm.dll+0x245235]
V  [jvm.dll+0xabd7b]
V  [jvm.dll+0xac30c]
V  [jvm.dll+0x3631a2]
V  [jvm.dll+0x1bb582]
V  [jvm.dll+0x218229]
V  [jvm.dll+0x2174f1]
V  [jvm.dll+0x1a3a8d]
V  [jvm.dll+0x226ef8]
V  [jvm.dll+0x22503c]
V  [jvm.dll+0x7e596b]
V  [jvm.dll+0x7dff2a]
V  [jvm.dll+0x6744d5]
C  [ucrtbase.dll+0x21bb2]
C  [KERNEL32.DLL+0x17614]
C  [ntdll.dll+0x526a1]


---------------  P R O C E S S  ---------------

Threads class SMR info:
_java_thread_list=0x0000023da658aba0, length=41, elements={
0x0000023d842ac090, 0x0000023d9cf61540, 0x0000023d9cf628e0, 0x0000023d9e858f70,
0x0000023d9e85b840, 0x0000023d9e85c8a0, 0x0000023d9e85d900, 0x0000023d9e8639f0,
0x0000023d9e864f50, 0x0000023d9e8767b0, 0x0000023d8436dc00, 0x0000023d9e96e740,
0x0000023d9e973540, 0x0000023d9eb201f0, 0x0000023da11ff8a0, 0x0000023da162fa70,
0x0000023da162c5e0, 0x0000023da1600410, 0x0000023da17dc1a0, 0x0000023da1810050,
0x0000023da12291e0, 0x0000023da1219ff0, 0x0000023da121bcd0, 0x0000023da1219180,
0x0000023da121c1a0, 0x0000023da12187e0, 0x0000023da121b800, 0x0000023da1219650,
0x0000023da1219b20, 0x0000023da4eb9690, 0x0000023da1bde200, 0x0000023da1bdec20,
0x0000023da1bdfb50, 0x0000023da1bdd2d0, 0x0000023da4eb79b0, 0x0000023da1bddcf0,
0x0000023db485eb80, 0x0000023db485dc50, 0x0000023da4eb6b40, 0x0000023da4eb61a0,
0x0000023da4eb9b60
}

Java Threads: ( => current thread )
  0x0000023d842ac090 JavaThread "main" [_thread_blocked, id=62496, stack(0x000000ed8e300000,0x000000ed8e400000)]
  0x0000023d9cf61540 JavaThread "Reference Handler" daemon [_thread_blocked, id=56772, stack(0x000000ed8e600000,0x000000ed8e700000)]
  0x0000023d9cf628e0 JavaThread "Finalizer" daemon [_thread_blocked, id=43264, stack(0x000000ed8e700000,0x000000ed8e800000)]
  0x0000023d9e858f70 JavaThread "Signal Dispatcher" daemon [_thread_blocked, id=35464, stack(0x000000ed8e800000,0x000000ed8e900000)]
  0x0000023d9e85b840 JavaThread "Attach Listener" daemon [_thread_blocked, id=62084, stack(0x000000ed8e900000,0x000000ed8ea00000)]
  0x0000023d9e85c8a0 JavaThread "Service Thread" daemon [_thread_blocked, id=46964, stack(0x000000ed8ea00000,0x000000ed8eb00000)]
  0x0000023d9e85d900 JavaThread "Monitor Deflation Thread" daemon [_thread_blocked, id=48656, stack(0x000000ed8eb00000,0x000000ed8ec00000)]
  0x0000023d9e8639f0 JavaThread "C2 CompilerThread0" daemon [_thread_in_native, id=56704, stack(0x000000ed8ec00000,0x000000ed8ed00000)]
  0x0000023d9e864f50 JavaThread "C1 CompilerThread0" daemon [_thread_blocked, id=69116, stack(0x000000ed8ed00000,0x000000ed8ee00000)]
  0x0000023d9e8767b0 JavaThread "Sweeper thread" daemon [_thread_blocked, id=52864, stack(0x000000ed8ee00000,0x000000ed8ef00000)]
  0x0000023d8436dc00 JavaThread "Common-Cleaner" daemon [_thread_blocked, id=55232, stack(0x000000ed8ef00000,0x000000ed8f000000)]
  0x0000023d9e96e740 JavaThread "C1 CompilerThread1" daemon [_thread_in_native, id=63376, stack(0x000000ed8f000000,0x000000ed8f100000)]
  0x0000023d9e973540 JavaThread "C1 CompilerThread2" daemon [_thread_blocked, id=12272, stack(0x000000ed8f100000,0x000000ed8f200000)]
  0x0000023d9eb201f0 JavaThread "Notification Thread" daemon [_thread_blocked, id=52360, stack(0x000000ed8f400000,0x000000ed8f500000)]
  0x0000023da11ff8a0 JavaThread "Active Thread: Equinox Container: f5d5a289-3fce-4fa2-b8a5-32eba94ca34b" [_thread_blocked, id=70840, stack(0x000000ed8f600000,0x000000ed8f700000)]
  0x0000023da162fa70 JavaThread "Framework Event Dispatcher: Equinox Container: f5d5a289-3fce-4fa2-b8a5-32eba94ca34b" daemon [_thread_blocked, id=24280, stack(0x000000ed8fc00000,0x000000ed8fd00000)]
  0x0000023da162c5e0 JavaThread "Start Level: Equinox Container: f5d5a289-3fce-4fa2-b8a5-32eba94ca34b" daemon [_thread_blocked, id=15584, stack(0x000000ed8fd00000,0x000000ed8fe00000)]
  0x0000023da1600410 JavaThread "SCR Component Actor" daemon [_thread_blocked, id=32580, stack(0x000000ed8fe00000,0x000000ed8ff00000)]
  0x0000023da17dc1a0 JavaThread "C1 CompilerThread3" daemon [_thread_blocked, id=28648, stack(0x000000ed90200000,0x000000ed90300000)]
  0x0000023da1810050 JavaThread "Worker-JM" [_thread_blocked, id=28580, stack(0x000000ed90300000,0x000000ed90400000)]
  0x0000023da12291e0 JavaThread "Worker-0" [_thread_blocked, id=27964, stack(0x000000ed8f300000,0x000000ed8f400000)]
  0x0000023da1219ff0 JavaThread "Worker-1" [_thread_blocked, id=27972, stack(0x000000ed90800000,0x000000ed90900000)]
  0x0000023da121bcd0 JavaThread "Java indexing" daemon [_thread_blocked, id=58088, stack(0x000000ed90c00000,0x000000ed90d00000)]
  0x0000023da1219180 JavaThread "JNA Cleaner" daemon [_thread_blocked, id=16824, stack(0x000000ed90d00000,0x000000ed90e00000)]
  0x0000023da121c1a0 JavaThread "pool-2-thread-1" [_thread_blocked, id=68952, stack(0x000000ed8f200000,0x000000ed8f300000)]
  0x0000023da12187e0 JavaThread "Worker-2" [_thread_blocked, id=42456, stack(0x000000ed90a00000,0x000000ed90b00000)]
  0x0000023da121b800 JavaThread "pool-1-thread-1" [_thread_in_native, id=53868, stack(0x000000ed90e00000,0x000000ed90f00000)]
  0x0000023da1219650 JavaThread "Worker-3" [_thread_blocked, id=71216, stack(0x000000ed90f00000,0x000000ed91000000)]
  0x0000023da1219b20 JavaThread "Keep-Alive-Timer" daemon [_thread_blocked, id=24796, stack(0x000000ed91700000,0x000000ed91800000)]
  0x0000023da4eb9690 JavaThread "ForkJoinPool.commonPool-worker-1" daemon [_thread_blocked, id=62676, stack(0x000000ed91000000,0x000000ed91100000)]
=>0x0000023da1bde200 JavaThread "C2 CompilerThread1" daemon [_thread_in_native, id=53304, stack(0x000000ed90100000,0x000000ed90200000)]
  0x0000023da1bdec20 JavaThread "C2 CompilerThread2" daemon [_thread_in_native, id=21272, stack(0x000000ed90900000,0x000000ed90a00000)]
  0x0000023da1bdfb50 JavaThread "C2 CompilerThread3" daemon [_thread_in_native, id=51336, stack(0x000000ed91100000,0x000000ed91200000)]
  0x0000023da1bdd2d0 JavaThread "C2 CompilerThread4" daemon [_thread_in_native, id=43740, stack(0x000000ed91200000,0x000000ed91300000)]
  0x0000023da4eb79b0 JavaThread "ForkJoinPool.commonPool-worker-2" daemon [_thread_in_Java, id=54452, stack(0x000000ed91300000,0x000000ed91400000)]
  0x0000023da1bddcf0 JavaThread "C2 CompilerThread5" daemon [_thread_in_native, id=63940, stack(0x000000ed91500000,0x000000ed91600000)]
  0x0000023db485eb80 JavaThread "C2 CompilerThread6" daemon [_thread_in_native, id=45352, stack(0x000000ed91600000,0x000000ed91700000)]
  0x0000023db485dc50 JavaThread "C2 CompilerThread7" daemon [_thread_in_native, id=31452, stack(0x000000ed91800000,0x000000ed91900000)]
  0x0000023da4eb6b40 JavaThread "ForkJoinPool.commonPool-worker-3" daemon [_thread_blocked, id=63464, stack(0x000000ed91900000,0x000000ed91a00000)]
  0x0000023da4eb61a0 JavaThread "ForkJoinPool.commonPool-worker-4" daemon [_thread_in_vm, id=33648, stack(0x000000ed91a00000,0x000000ed91b00000)]
  0x0000023da4eb9b60 JavaThread "ForkJoinPool.commonPool-worker-5" daemon [_thread_blocked, id=63976, stack(0x000000ed91b00000,0x000000ed91c00000)]

Other Threads:
  0x0000023d9e852550 VMThread "VM Thread" [stack: 0x000000ed8e500000,0x000000ed8e600000] [id=56340]
  0x0000023d9eb206c0 WatcherThread [stack: 0x000000ed8f500000,0x000000ed8f600000] [id=31176]
  0x0000023d842c7c60 GCTaskThread "GC Thread#0" [stack: 0x000000ed8e400000,0x000000ed8e500000] [id=54220]
  0x0000023da0f85390 GCTaskThread "GC Thread#1" [stack: 0x000000ed8f700000,0x000000ed8f800000] [id=52452]
  0x0000023da0f85bd0 GCTaskThread "GC Thread#2" [stack: 0x000000ed8f800000,0x000000ed8f900000] [id=47328]
  0x0000023da0f85e80 GCTaskThread "GC Thread#3" [stack: 0x000000ed8f900000,0x000000ed8fa00000] [id=50700]
  0x0000023da116a400 GCTaskThread "GC Thread#4" [stack: 0x000000ed8fa00000,0x000000ed8fb00000] [id=53992]
  0x0000023da116a6b0 GCTaskThread "GC Thread#5" [stack: 0x000000ed8fb00000,0x000000ed8fc00000] [id=13136]
  0x0000023da121f5b0 GCTaskThread "GC Thread#6" [stack: 0x000000ed8ff00000,0x000000ed90000000] [id=26580]
  0x0000023da1597190 GCTaskThread "GC Thread#7" [stack: 0x000000ed90000000,0x000000ed90100000] [id=24236]
  0x0000023da16ed130 GCTaskThread "GC Thread#8" [stack: 0x000000ed90400000,0x000000ed90500000] [id=28632]
  0x0000023da1754540 GCTaskThread "GC Thread#9" [stack: 0x000000ed90500000,0x000000ed90600000] [id=28636]
  0x0000023da17547f0 GCTaskThread "GC Thread#10" [stack: 0x000000ed90600000,0x000000ed90700000] [id=71300]
  0x0000023da174b170 GCTaskThread "GC Thread#11" [stack: 0x000000ed90700000,0x000000ed90800000] [id=43988]
  0x0000023da174b6d0 GCTaskThread "GC Thread#12" [stack: 0x000000ed90b00000,0x000000ed90c00000] [id=27952]

Threads with active compile tasks:
C2 CompilerThread0    10018 8060       4       org.objectweb.asm.MethodWriter::visitMethodInsn (191 bytes)
C2 CompilerThread1    10018 7526       4       org.eclipse.jdt.internal.compiler.lookup.BinaryTypeBinding::createMethod (1719 bytes)
C2 CompilerThread2    10018 8073   !   4       org.eclipse.jdt.internal.compiler.parser.Scanner::jumpOverMethodBody (2085 bytes)
C2 CompilerThread3    10018 8102       4       java.util.IdentityHashMap::put (137 bytes)
C2 CompilerThread4    10018 7978 % !   4       org.eclipse.jdt.internal.compiler.classfmt.ClassFileReader::<init> @ 63 (2113 bytes)
C2 CompilerThread5    10018 8091       4       org.eclipse.jdt.internal.compiler.lookup.LookupEnvironment::getTypeFromSignature (376 bytes)
C2 CompilerThread6    10019 8057       4       org.eclipse.jdt.internal.core.JavaElement::getElementInfo (27 bytes)
C2 CompilerThread7    10019 8098       4       org.eclipse.jdt.internal.compiler.util.HashtableOfType::get (68 bytes)

VM state: not at safepoint (normal execution)

VM Mutex/Monitor currently owned by a thread: None

Heap address: 0x00000000c0000000, size: 1024 MB, Compressed Oops mode: 32-bit

CDS archive(s) mapped at: [0x0000000800000000-0x0000000800bc0000-0x0000000800bc0000), size 12320768, SharedBaseAddress: 0x0000000800000000, ArchiveRelocationMode: 0.
Compressed class space mapped at: 0x0000000800c00000-0x0000000840c00000, reserved size: 1073741824
Narrow klass base: 0x0000000800000000, Narrow klass shift: 0, Narrow klass range: 0x100000000

GC Precious Log:
 CPUs: 16 total, 16 available
 Memory: 32620M
 Large Page Support: Disabled
 NUMA Support: Disabled
 Compressed Oops: Enabled (32-bit)
 Alignments: Space 512K, Generation 512K, Heap 2M
 Heap Min Capacity: 100M
 Heap Initial Capacity: 100M
 Heap Max Capacity: 1G
 Pre-touch: Disabled
 Parallel Workers: 13

Heap:
 PSYoungGen      total 20480K, used 7402K [0x00000000eab00000, 0x00000000ec480000, 0x0000000100000000)
  eden space 18944K, 31% used [0x00000000eab00000,0x00000000eb0cdc10,0x00000000ebd80000)
  from space 1536K, 95% used [0x00000000ec300000,0x00000000ec46db30,0x00000000ec480000)
  to   space 3072K, 0% used [0x00000000ebe80000,0x00000000ebe80000,0x00000000ec180000)
 ParOldGen       total 68608K, used 38624K [0x00000000c0000000, 0x00000000c4300000, 0x00000000eab00000)
  object space 68608K, 56% used [0x00000000c0000000,0x00000000c25b80e8,0x00000000c4300000)
 Metaspace       used 57349K, committed 58304K, reserved 1105920K
  class space    used 5988K, committed 6400K, reserved 1048576K

Card table byte_map: [0x0000023d83c60000,0x0000023d83e70000] _byte_map_base: 0x0000023d83660000

Marking Bits: (ParMarkBitMap*) 0x00007ffcfe653af0
 Begin Bits: [0x0000023d9ad70000, 0x0000023d9bd70000)
 End Bits:   [0x0000023d9bd70000, 0x0000023d9cd70000)

Polling page: 0x0000023d82210000

Metaspace:

Usage:
  Non-class:     50.16 MB used.
      Class:      5.85 MB used.
       Both:     56.01 MB used.

Virtual space:
  Non-class space:       56.00 MB reserved,      50.69 MB ( 91%) committed,  7 nodes.
      Class space:        1.00 GB reserved,       6.25 MB ( <1%) committed,  1 nodes.
             Both:        1.05 GB reserved,      56.94 MB (  5%) committed. 

Chunk freelists:
   Non-Class:  1.30 MB
       Class:  1.57 MB
        Both:  2.86 MB

MaxMetaspaceSize: unlimited
CompressedClassSpaceSize: 1.00 GB
Initial GC threshold: 21.00 MB
Current GC threshold: 58.38 MB
CDS: on
MetaspaceReclaimPolicy: balanced
 - commit_granule_bytes: 65536.
 - commit_granule_words: 8192.
 - virtual_space_node_default_size: 1048576.
 - enlarge_chunks_in_place: 1.
 - new_chunks_are_fully_committed: 0.
 - uncommit_free_chunks: 1.
 - use_allocation_guard: 0.
 - handle_deallocations: 1.


Internal statistics:

num_allocs_failed_limit: 6.
num_arena_births: 420.
num_arena_deaths: 14.
num_vsnodes_births: 8.
num_vsnodes_deaths: 0.
num_space_committed: 911.
num_space_uncommitted: 0.
num_chunks_returned_to_freelist: 20.
num_chunks_taken_from_freelist: 2594.
num_chunk_merges: 10.
num_chunk_splits: 1743.
num_chunks_enlarged: 1197.
num_purges: 2.
num_inconsistent_stats: 0.

CodeHeap 'non-profiled nmethods': size=119168Kb used=4126Kb max_used=4606Kb free=115041Kb
 bounds [0x0000023d93910000, 0x0000023d93da0000, 0x0000023d9ad70000]
CodeHeap 'profiled nmethods': size=119104Kb used=14696Kb max_used=16673Kb free=104407Kb
 bounds [0x0000023d8c4c0000, 0x0000023d8d510000, 0x0000023d93910000]
CodeHeap 'non-nmethods': size=7488Kb used=3080Kb max_used=3133Kb free=4407Kb
 bounds [0x0000023d8bd70000, 0x0000023d8c0d0000, 0x0000023d8c4c0000]
 total_blobs=7467 nmethods=6764 adapters=612
 compilation: enabled
              stopped_count=0, restarted_count=0
 full_count=0

Compilation events (20 events):
Event: 9.976 Thread 0x0000023da17dc1a0 8055       3       org.eclipse.jdt.internal.core.ClasspathEntry::getExtraAttribute (54 bytes)
Event: 9.976 Thread 0x0000023da17dc1a0 nmethod 8055 0x0000023d8c57f790 code [0x0000023d8c57f960, 0x0000023d8c57fd48]
Event: 9.976 Thread 0x0000023d9e96e740 8056       1       org.eclipse.jdt.internal.launching.RuntimeClasspathEntry::getClasspathEntry (5 bytes)
Event: 9.976 Thread 0x0000023d9e96e740 nmethod 8056 0x0000023d93b2f910 code [0x0000023d93b2faa0, 0x0000023d93b2fb78]
Event: 9.976 Thread 0x0000023db485eb80 8057       4       org.eclipse.jdt.internal.core.JavaElement::getElementInfo (27 bytes)
Event: 9.977 Thread 0x0000023da1bddcf0 8058       4       org.objectweb.asm.ClassReader::readVerificationTypeInfo (184 bytes)
Event: 9.977 Thread 0x0000023d9e8639f0 nmethod 8054 0x0000023d93baa710 code [0x0000023d93baa880, 0x0000023d93baa9f8]
Event: 9.977 Thread 0x0000023db485dc50 8059       4       org.objectweb.asm.MethodWriter::putFrameType (83 bytes)
Event: 9.977 Thread 0x0000023d9e8639f0 8060       4       org.objectweb.asm.MethodWriter::visitMethodInsn (191 bytes)
Event: 9.978 Thread 0x0000023da1bdec20 nmethod 8046 0x0000023d93a86190 code [0x0000023d93a86380, 0x0000023d93a86b60]
Event: 9.978 Thread 0x0000023da1bdec20 8061       4       org.objectweb.asm.SymbolTable::addConstantMethodref (24 bytes)
Event: 9.978 Thread 0x0000023da1bdfb50 nmethod 8051 0x0000023d9396fa10 code [0x0000023d9396fbc0, 0x0000023d93970378]
Event: 9.979 Thread 0x0000023da1bdec20 nmethod 8061 0x0000023d93baa410 code [0x0000023d93baa5a0, 0x0000023d93baa668]
Event: 9.981 Thread 0x0000023da1bdfb50 8062       4       java.lang.AbstractStringBuilder::append (60 bytes)
Event: 9.982 Thread 0x0000023da17dc1a0 8063       3       sun.util.calendar.AbstractCalendar::getDayOfWeekDateOnOrBefore (31 bytes)
Event: 9.982 Thread 0x0000023da17dc1a0 nmethod 8063 0x0000023d8c678e90 code [0x0000023d8c679040, 0x0000023d8c679228]
Event: 9.982 Thread 0x0000023da17dc1a0 8064       3       com.google.gson.internal.bind.ObjectTypeAdapter$1::create (25 bytes)
Event: 9.982 Thread 0x0000023da17dc1a0 nmethod 8064 0x0000023d8c7cc810 code [0x0000023d8c7cc9e0, 0x0000023d8c7ccd98]
Event: 9.983 Thread 0x0000023d9e973540 8065       1       org.eclipse.core.runtime.Status::setCode (6 bytes)
Event: 9.983 Thread 0x0000023d9e96e740 8066       1       org.eclipse.core.runtime.Status::setException (6 bytes)

GC Heap History (20 events):
Event: 6.372 GC heap before
{Heap before GC invocations=21 (full 2):
 PSYoungGen      total 22528K, used 22144K [0x00000000eab00000, 0x00000000ec480000, 0x0000000100000000)
  eden space 19968K, 100% used [0x00000000eab00000,0x00000000ebe80000,0x00000000ebe80000)
  from space 2560K, 85% used [0x00000000ec200000,0x00000000ec420000,0x00000000ec480000)
  to   space 2560K, 0% used [0x00000000ebf80000,0x00000000ebf80000,0x00000000ec200000)
 ParOldGen       total 68608K, used 27698K [0x00000000c0000000, 0x00000000c4300000, 0x00000000eab00000)
  object space 68608K, 40% used [0x00000000c0000000,0x00000000c1b0c870,0x00000000c4300000)
 Metaspace       used 44142K, committed 44928K, reserved 1089536K
  class space    used 4724K, committed 5056K, reserved 1048576K
}
Event: 6.374 GC heap after
{Heap after GC invocations=21 (full 2):
 PSYoungGen      total 22528K, used 2144K [0x00000000eab00000, 0x00000000ec380000, 0x0000000100000000)
  eden space 19968K, 0% used [0x00000000eab00000,0x00000000eab00000,0x00000000ebe80000)
  from space 2560K, 83% used [0x00000000ebf80000,0x00000000ec198000,0x00000000ec200000)
  to   space 1536K, 0% used [0x00000000ec200000,0x00000000ec200000,0x00000000ec380000)
 ParOldGen       total 68608K, used 29688K [0x00000000c0000000, 0x00000000c4300000, 0x00000000eab00000)
  object space 68608K, 43% used [0x00000000c0000000,0x00000000c1cfe0f0,0x00000000c4300000)
 Metaspace       used 44142K, committed 44928K, reserved 1089536K
  class space    used 4724K, committed 5056K, reserved 1048576K
}
Event: 7.442 GC heap before
{Heap before GC invocations=22 (full 2):
 PSYoungGen      total 22528K, used 22111K [0x00000000eab00000, 0x00000000ec380000, 0x0000000100000000)
  eden space 19968K, 99% used [0x00000000eab00000,0x00000000ebe7fff8,0x00000000ebe80000)
  from space 2560K, 83% used [0x00000000ebf80000,0x00000000ec198000,0x00000000ec200000)
  to   space 1536K, 0% used [0x00000000ec200000,0x00000000ec200000,0x00000000ec380000)
 ParOldGen       total 68608K, used 29688K [0x00000000c0000000, 0x00000000c4300000, 0x00000000eab00000)
  object space 68608K, 43% used [0x00000000c0000000,0x00000000c1cfe0f0,0x00000000c4300000)
 Metaspace       used 44977K, committed 45760K, reserved 1097728K
  class space    used 4809K, committed 5120K, reserved 1048576K
}
Event: 7.444 GC heap after
{Heap after GC invocations=22 (full 2):
 PSYoungGen      total 20992K, used 665K [0x00000000eab00000, 0x00000000ec300000, 0x0000000100000000)
  eden space 19968K, 0% used [0x00000000eab00000,0x00000000eab00000,0x00000000ebe80000)
  from space 1024K, 64% used [0x00000000ec200000,0x00000000ec2a6470,0x00000000ec300000)
  to   space 1536K, 0% used [0x00000000ec000000,0x00000000ec000000,0x00000000ec180000)
 ParOldGen       total 68608K, used 31669K [0x00000000c0000000, 0x00000000c4300000, 0x00000000eab00000)
  object space 68608K, 46% used [0x00000000c0000000,0x00000000c1eed760,0x00000000c4300000)
 Metaspace       used 44977K, committed 45760K, reserved 1097728K
  class space    used 4809K, committed 5120K, reserved 1048576K
}
Event: 7.596 GC heap before
{Heap before GC invocations=23 (full 2):
 PSYoungGen      total 20992K, used 20618K [0x00000000eab00000, 0x00000000ec300000, 0x0000000100000000)
  eden space 19968K, 99% used [0x00000000eab00000,0x00000000ebe7c608,0x00000000ebe80000)
  from space 1024K, 64% used [0x00000000ec200000,0x00000000ec2a6470,0x00000000ec300000)
  to   space 1536K, 0% used [0x00000000ec000000,0x00000000ec000000,0x00000000ec180000)
 ParOldGen       total 68608K, used 31669K [0x00000000c0000000, 0x00000000c4300000, 0x00000000eab00000)
  object space 68608K, 46% used [0x00000000c0000000,0x00000000c1eed760,0x00000000c4300000)
 Metaspace       used 46058K, committed 46912K, reserved 1097728K
  class space    used 4886K, committed 5248K, reserved 1048576K
}
Event: 7.597 GC heap after
{Heap after GC invocations=23 (full 2):
 PSYoungGen      total 21504K, used 722K [0x00000000eab00000, 0x00000000ec280000, 0x0000000100000000)
  eden space 19968K, 0% used [0x00000000eab00000,0x00000000eab00000,0x00000000ebe80000)
  from space 1536K, 47% used [0x00000000ec000000,0x00000000ec0b4ae8,0x00000000ec180000)
  to   space 1024K, 0% used [0x00000000ec180000,0x00000000ec180000,0x00000000ec280000)
 ParOldGen       total 68608K, used 32179K [0x00000000c0000000, 0x00000000c4300000, 0x00000000eab00000)
  object space 68608K, 46% used [0x00000000c0000000,0x00000000c1f6cc90,0x00000000c4300000)
 Metaspace       used 46058K, committed 46912K, reserved 1097728K
  class space    used 4886K, committed 5248K, reserved 1048576K
}
Event: 8.003 GC heap before
{Heap before GC invocations=24 (full 2):
 PSYoungGen      total 21504K, used 20628K [0x00000000eab00000, 0x00000000ec280000, 0x0000000100000000)
  eden space 19968K, 99% used [0x00000000eab00000,0x00000000ebe70748,0x00000000ebe80000)
  from space 1536K, 47% used [0x00000000ec000000,0x00000000ec0b4ae8,0x00000000ec180000)
  to   space 1024K, 0% used [0x00000000ec180000,0x00000000ec180000,0x00000000ec280000)
 ParOldGen       total 68608K, used 32179K [0x00000000c0000000, 0x00000000c4300000, 0x00000000eab00000)
  object space 68608K, 46% used [0x00000000c0000000,0x00000000c1f6cc90,0x00000000c4300000)
 Metaspace       used 48150K, committed 49024K, reserved 1097728K
  class space    used 5183K, committed 5568K, reserved 1048576K
}
Event: 8.004 GC heap after
{Heap after GC invocations=24 (full 2):
 PSYoungGen      total 20992K, used 582K [0x00000000eab00000, 0x00000000ec280000, 0x0000000100000000)
  eden space 19968K, 0% used [0x00000000eab00000,0x00000000eab00000,0x00000000ebe80000)
  from space 1024K, 56% used [0x00000000ec180000,0x00000000ec211ab0,0x00000000ec280000)
  to   space 1024K, 0% used [0x00000000ec080000,0x00000000ec080000,0x00000000ec180000)
 ParOldGen       total 68608K, used 32614K [0x00000000c0000000, 0x00000000c4300000, 0x00000000eab00000)
  object space 68608K, 47% used [0x00000000c0000000,0x00000000c1fd9970,0x00000000c4300000)
 Metaspace       used 48150K, committed 49024K, reserved 1097728K
  class space    used 5183K, committed 5568K, reserved 1048576K
}
Event: 8.752 GC heap before
{Heap before GC invocations=25 (full 2):
 PSYoungGen      total 20992K, used 20387K [0x00000000eab00000, 0x00000000ec280000, 0x0000000100000000)
  eden space 19968K, 99% used [0x00000000eab00000,0x00000000ebe571c8,0x00000000ebe80000)
  from space 1024K, 56% used [0x00000000ec180000,0x00000000ec211ab0,0x00000000ec280000)
  to   space 1024K, 0% used [0x00000000ec080000,0x00000000ec080000,0x00000000ec180000)
 ParOldGen       total 68608K, used 32614K [0x00000000c0000000, 0x00000000c4300000, 0x00000000eab00000)
  object space 68608K, 47% used [0x00000000c0000000,0x00000000c1fd9970,0x00000000c4300000)
 Metaspace       used 49758K, committed 50624K, reserved 1097728K
  class space    used 5324K, committed 5696K, reserved 1048576K
}
Event: 8.754 GC heap after
{Heap after GC invocations=25 (full 2):
 PSYoungGen      total 20992K, used 784K [0x00000000eab00000, 0x00000000ec200000, 0x0000000100000000)
  eden space 19968K, 0% used [0x00000000eab00000,0x00000000eab00000,0x00000000ebe80000)
  from space 1024K, 76% used [0x00000000ec080000,0x00000000ec144180,0x00000000ec180000)
  to   space 512K, 0% used [0x00000000ec180000,0x00000000ec180000,0x00000000ec200000)
 ParOldGen       total 68608K, used 33124K [0x00000000c0000000, 0x00000000c4300000, 0x00000000eab00000)
  object space 68608K, 48% used [0x00000000c0000000,0x00000000c2059168,0x00000000c4300000)
 Metaspace       used 49758K, committed 50624K, reserved 1097728K
  class space    used 5324K, committed 5696K, reserved 1048576K
}
Event: 8.820 GC heap before
{Heap before GC invocations=26 (full 2):
 PSYoungGen      total 20992K, used 20752K [0x00000000eab00000, 0x00000000ec200000, 0x0000000100000000)
  eden space 19968K, 100% used [0x00000000eab00000,0x00000000ebe80000,0x00000000ebe80000)
  from space 1024K, 76% used [0x00000000ec080000,0x00000000ec144180,0x00000000ec180000)
  to   space 512K, 0% used [0x00000000ec180000,0x00000000ec180000,0x00000000ec200000)
 ParOldGen       total 68608K, used 33124K [0x00000000c0000000, 0x00000000c4300000, 0x00000000eab00000)
  object space 68608K, 48% used [0x00000000c0000000,0x00000000c2059168,0x00000000c4300000)
 Metaspace       used 49793K, committed 50624K, reserved 1097728K
  class space    used 5324K, committed 5696K, reserved 1048576K
}
Event: 8.821 GC heap after
{Heap after GC invocations=26 (full 2):
 PSYoungGen      total 20480K, used 508K [0x00000000eab00000, 0x00000000ec380000, 0x0000000100000000)
  eden space 19968K, 0% used [0x00000000eab00000,0x00000000eab00000,0x00000000ebe80000)
  from space 512K, 99% used [0x00000000ec180000,0x00000000ec1ff220,0x00000000ec200000)
  to   space 2560K, 0% used [0x00000000ebe80000,0x00000000ebe80000,0x00000000ec100000)
 ParOldGen       total 68608K, used 34620K [0x00000000c0000000, 0x00000000c4300000, 0x00000000eab00000)
  object space 68608K, 50% used [0x00000000c0000000,0x00000000c21cf158,0x00000000c4300000)
 Metaspace       used 49793K, committed 50624K, reserved 1097728K
  class space    used 5324K, committed 5696K, reserved 1048576K
}
Event: 9.000 GC heap before
{Heap before GC invocations=27 (full 2):
 PSYoungGen      total 20480K, used 20476K [0x00000000eab00000, 0x00000000ec380000, 0x0000000100000000)
  eden space 19968K, 100% used [0x00000000eab00000,0x00000000ebe80000,0x00000000ebe80000)
  from space 512K, 99% used [0x00000000ec180000,0x00000000ec1ff220,0x00000000ec200000)
  to   space 2560K, 0% used [0x00000000ebe80000,0x00000000ebe80000,0x00000000ec100000)
 ParOldGen       total 68608K, used 34620K [0x00000000c0000000, 0x00000000c4300000, 0x00000000eab00000)
  object space 68608K, 50% used [0x00000000c0000000,0x00000000c21cf158,0x00000000c4300000)
 Metaspace       used 51605K, committed 52544K, reserved 1097728K
  class space    used 5483K, committed 5888K, reserved 1048576K
}
Event: 9.001 GC heap after
{Heap after GC invocations=27 (full 2):
 PSYoungGen      total 20480K, used 512K [0x00000000eab00000, 0x00000000ec200000, 0x0000000100000000)
  eden space 19968K, 0% used [0x00000000eab00000,0x00000000eab00000,0x00000000ebe80000)
  from space 512K, 100% used [0x00000000ebe80000,0x00000000ebf00000,0x00000000ebf00000)
  to   space 1536K, 0% used [0x00000000ec080000,0x00000000ec080000,0x00000000ec200000)
 ParOldGen       total 68608K, used 34748K [0x00000000c0000000, 0x00000000c4300000, 0x00000000eab00000)
  object space 68608K, 50% used [0x00000000c0000000,0x00000000c21ef158,0x00000000c4300000)
 Metaspace       used 51605K, committed 52544K, reserved 1097728K
  class space    used 5483K, committed 5888K, reserved 1048576K
}
Event: 9.402 GC heap before
{Heap before GC invocations=28 (full 2):
 PSYoungGen      total 20480K, used 20480K [0x00000000eab00000, 0x00000000ec200000, 0x0000000100000000)
  eden space 19968K, 100% used [0x00000000eab00000,0x00000000ebe80000,0x00000000ebe80000)
  from space 512K, 100% used [0x00000000ebe80000,0x00000000ebf00000,0x00000000ebf00000)
  to   space 1536K, 0% used [0x00000000ec080000,0x00000000ec080000,0x00000000ec200000)
 ParOldGen       total 68608K, used 34748K [0x00000000c0000000, 0x00000000c4300000, 0x00000000eab00000)
  object space 68608K, 50% used [0x00000000c0000000,0x00000000c21ef158,0x00000000c4300000)
 Metaspace       used 53686K, committed 54592K, reserved 1097728K
  class space    used 5672K, committed 6080K, reserved 1048576K
}
Event: 9.404 GC heap after
{Heap after GC invocations=28 (full 2):
 PSYoungGen      total 20480K, used 1511K [0x00000000eab00000, 0x00000000ec480000, 0x0000000100000000)
  eden space 18944K, 0% used [0x00000000eab00000,0x00000000eab00000,0x00000000ebd80000)
  from space 1536K, 98% used [0x00000000ec080000,0x00000000ec1f9c00,0x00000000ec200000)
  to   space 3072K, 0% used [0x00000000ebd80000,0x00000000ebd80000,0x00000000ec080000)
 ParOldGen       total 68608K, used 35739K [0x00000000c0000000, 0x00000000c4300000, 0x00000000eab00000)
  object space 68608K, 52% used [0x00000000c0000000,0x00000000c22e6cb0,0x00000000c4300000)
 Metaspace       used 53686K, committed 54592K, reserved 1097728K
  class space    used 5672K, committed 6080K, reserved 1048576K
}
Event: 9.604 GC heap before
{Heap before GC invocations=29 (full 2):
 PSYoungGen      total 20480K, used 20455K [0x00000000eab00000, 0x00000000ec480000, 0x0000000100000000)
  eden space 18944K, 100% used [0x00000000eab00000,0x00000000ebd80000,0x00000000ebd80000)
  from space 1536K, 98% used [0x00000000ec080000,0x00000000ec1f9c00,0x00000000ec200000)
  to   space 3072K, 0% used [0x00000000ebd80000,0x00000000ebd80000,0x00000000ec080000)
 ParOldGen       total 68608K, used 35739K [0x00000000c0000000, 0x00000000c4300000, 0x00000000eab00000)
  object space 68608K, 52% used [0x00000000c0000000,0x00000000c22e6cb0,0x00000000c4300000)
 Metaspace       used 55054K, committed 56000K, reserved 1105920K
  class space    used 5783K, committed 6208K, reserved 1048576K
}
Event: 9.606 GC heap after
{Heap after GC invocations=29 (full 2):
 PSYoungGen      total 22016K, used 3041K [0x00000000eab00000, 0x00000000ec880000, 0x0000000100000000)
  eden space 18944K, 0% used [0x00000000eab00000,0x00000000eab00000,0x00000000ebd80000)
  from space 3072K, 99% used [0x00000000ebd80000,0x00000000ec0785d0,0x00000000ec080000)
  to   space 5632K, 0% used [0x00000000ec300000,0x00000000ec300000,0x00000000ec880000)
 ParOldGen       total 68608K, used 37653K [0x00000000c0000000, 0x00000000c4300000, 0x00000000eab00000)
  object space 68608K, 54% used [0x00000000c0000000,0x00000000c24c5518,0x00000000c4300000)
 Metaspace       used 55054K, committed 56000K, reserved 1105920K
  class space    used 5783K, committed 6208K, reserved 1048576K
}
Event: 9.965 GC heap before
{Heap before GC invocations=30 (full 2):
 PSYoungGen      total 22016K, used 21985K [0x00000000eab00000, 0x00000000ec880000, 0x0000000100000000)
  eden space 18944K, 100% used [0x00000000eab00000,0x00000000ebd80000,0x00000000ebd80000)
  from space 3072K, 99% used [0x00000000ebd80000,0x00000000ec0785d0,0x00000000ec080000)
  to   space 5632K, 0% used [0x00000000ec300000,0x00000000ec300000,0x00000000ec880000)
 ParOldGen       total 68608K, used 37653K [0x00000000c0000000, 0x00000000c4300000, 0x00000000eab00000)
  object space 68608K, 54% used [0x00000000c0000000,0x00000000c24c5518,0x00000000c4300000)
 Metaspace       used 56730K, committed 57728K, reserved 1105920K
  class space    used 5939K, committed 6400K, reserved 1048576K
}
Event: 9.966 GC heap after
{Heap after GC invocations=30 (full 2):
 PSYoungGen      total 20480K, used 1462K [0x00000000eab00000, 0x00000000ec480000, 0x0000000100000000)
  eden space 18944K, 0% used [0x00000000eab00000,0x00000000eab00000,0x00000000ebd80000)
  from space 1536K, 95% used [0x00000000ec300000,0x00000000ec46db30,0x00000000ec480000)
  to   space 3072K, 0% used [0x00000000ebe80000,0x00000000ebe80000,0x00000000ec180000)
 ParOldGen       total 68608K, used 38624K [0x00000000c0000000, 0x00000000c4300000, 0x00000000eab00000)
  object space 68608K, 56% used [0x00000000c0000000,0x00000000c25b80e8,0x00000000c4300000)
 Metaspace       used 56730K, committed 57728K, reserved 1105920K
  class space    used 5939K, committed 6400K, reserved 1048576K
}

Deoptimization events (20 events):
Event: 9.816 Thread 0x0000023da12187e0 Uncommon trap: trap_request=0xffffffde fr.pc=0x0000023d93b7ff94 relative=0x0000000000000234
Event: 9.816 Thread 0x0000023da12187e0 Uncommon trap: reason=class_check action=maybe_recompile pc=0x0000023d93b7ff94 method=java.util.ArrayList$ArrayListSpliterator.tryAdvance(Ljava/util/function/Consumer;)Z @ 48 c2
Event: 9.816 Thread 0x0000023da12187e0 DEOPT PACKING pc=0x0000023d93b7ff94 sp=0x000000ed90afeb20
Event: 9.816 Thread 0x0000023da12187e0 DEOPT UNPACKING pc=0x0000023d8bdc20a3 sp=0x000000ed90afeab0 mode 2
Event: 9.949 Thread 0x0000023da4eb6b40 Uncommon trap: trap_request=0xffffff45 fr.pc=0x0000023d93938d90 relative=0x00000000000002f0
Event: 9.949 Thread 0x0000023da4eb6b40 Uncommon trap: reason=unstable_if action=reinterpret pc=0x0000023d93938d90 method=java.util.HashMap$HashIterator.<init>(Ljava/util/HashMap;)V @ 45 c2
Event: 9.949 Thread 0x0000023da4eb6b40 DEOPT PACKING pc=0x0000023d93938d90 sp=0x000000ed919feef0
Event: 9.949 Thread 0x0000023da4eb6b40 DEOPT UNPACKING pc=0x0000023d8bdc20a3 sp=0x000000ed919fedb8 mode 2
Event: 9.961 Thread 0x0000023da4eb6b40 Uncommon trap: trap_request=0xffffff45 fr.pc=0x0000023d9393d0b8 relative=0x0000000000000478
Event: 9.961 Thread 0x0000023da4eb6b40 Uncommon trap: reason=unstable_if action=reinterpret pc=0x0000023d9393d0b8 method=java.util.HashMap$HashIterator.<init>(Ljava/util/HashMap;)V @ 45 c2
Event: 9.961 Thread 0x0000023da4eb6b40 DEOPT PACKING pc=0x0000023d9393d0b8 sp=0x000000ed919fecb0
Event: 9.961 Thread 0x0000023da4eb6b40 DEOPT UNPACKING pc=0x0000023d8bdc20a3 sp=0x000000ed919feb20 mode 2
Event: 9.969 Thread 0x0000023da4eb79b0 Uncommon trap: trap_request=0xffffff45 fr.pc=0x0000023d93b7c9ec relative=0x0000000000000d6c
Event: 9.969 Thread 0x0000023da4eb79b0 Uncommon trap: reason=unstable_if action=reinterpret pc=0x0000023d93b7c9ec method=org.eclipse.jdt.internal.core.util.Util.splitOn(CLjava/lang/String;II)[Ljava/lang/String; @ 16 c2
Event: 9.969 Thread 0x0000023da4eb79b0 DEOPT PACKING pc=0x0000023d93b7c9ec sp=0x000000ed913fe150
Event: 9.969 Thread 0x0000023da4eb79b0 DEOPT UNPACKING pc=0x0000023d8bdc20a3 sp=0x000000ed913fe130 mode 2
Event: 9.970 Thread 0x0000023da4eb79b0 Uncommon trap: trap_request=0xffffff45 fr.pc=0x0000023d93b86c54 relative=0x0000000000000234
Event: 9.970 Thread 0x0000023da4eb79b0 Uncommon trap: reason=unstable_if action=reinterpret pc=0x0000023d93b86c54 method=org.eclipse.jdt.internal.core.util.Util.equalArraysOrNull([Ljava/lang/Object;[Ljava/lang/Object;)Z @ 23 c2
Event: 9.970 Thread 0x0000023da4eb79b0 DEOPT PACKING pc=0x0000023d93b86c54 sp=0x000000ed913fdc20
Event: 9.970 Thread 0x0000023da4eb79b0 DEOPT UNPACKING pc=0x0000023d8bdc20a3 sp=0x000000ed913fdbb8 mode 2

Classes unloaded (7 events):
Event: 3.168 Thread 0x0000023d9e852550 Unloading class 0x0000000800d68400 'java/lang/invoke/LambdaForm$MH+0x0000000800d68400'
Event: 3.168 Thread 0x0000023d9e852550 Unloading class 0x0000000800d68000 'java/lang/invoke/LambdaForm$MH+0x0000000800d68000'
Event: 3.168 Thread 0x0000023d9e852550 Unloading class 0x0000000800d67c00 'java/lang/invoke/LambdaForm$MH+0x0000000800d67c00'
Event: 3.168 Thread 0x0000023d9e852550 Unloading class 0x0000000800d67800 'java/lang/invoke/LambdaForm$MH+0x0000000800d67800'
Event: 3.168 Thread 0x0000023d9e852550 Unloading class 0x0000000800d67000 'java/lang/invoke/LambdaForm$BMH+0x0000000800d67000'
Event: 3.168 Thread 0x0000023d9e852550 Unloading class 0x0000000800d66c00 'java/lang/invoke/LambdaForm$DMH+0x0000000800d66c00'
Event: 3.168 Thread 0x0000023d9e852550 Unloading class 0x0000000800d64000 'java/lang/invoke/LambdaForm$DMH+0x0000000800d64000'

Classes redefined (0 events):
No events

Internal exceptions (20 events):
Event: 7.346 Thread 0x0000023da1219ff0 Exception <a 'java/io/FileNotFoundException'{0x00000000eb82d568}> (0x00000000eb82d568) 
thrown [e:\jenkins\tmp\workspace\build\src\src\hotspot\share\prims\jni.cpp, line 516]
Event: 7.347 Thread 0x0000023da1219ff0 Exception <a 'java/io/FileNotFoundException'{0x00000000eb82ed48}> (0x00000000eb82ed48) 
thrown [e:\jenkins\tmp\workspace\build\src\src\hotspot\share\prims\jni.cpp, line 516]
Event: 7.350 Thread 0x0000023da121b800 Exception <a 'sun/nio/fs/WindowsException'{0x00000000eb856838}> (0x00000000eb856838) 
thrown [e:\jenkins\tmp\workspace\build\src\src\hotspot\share\prims\jni.cpp, line 516]
Event: 7.358 Thread 0x0000023da121b800 Exception <a 'java/lang/NoSuchMethodError'{0x00000000eb89fad0}: 'java.lang.Object java.lang.invoke.DirectMethodHandle$Holder.invokeStatic(java.lang.Object, java.lang.Object, int, java.lang.Object)'> (0x00000000eb89fad0) 
thrown [e:\jenkins\tmp\workspace\build\src\src\hotspot\share\interpreter\linkResolver.cpp, line 766]
Event: 7.358 Thread 0x0000023da121b800 Exception <a 'java/lang/NoSuchMethodError'{0x00000000eb8a9228}: 'java.lang.Object java.lang.invoke.DirectMethodHandle$Holder.newInvokeSpecial(java.lang.Object, java.lang.Object, int)'> (0x00000000eb8a9228) 
thrown [e:\jenkins\tmp\workspace\build\src\src\hotspot\share\interpreter\linkResolver.cpp, line 766]
Event: 7.375 Thread 0x0000023da121b800 Exception <a 'java/lang/NoSuchMethodError'{0x00000000eb9cbb38}: 'java.lang.Object java.lang.invoke.DirectMethodHandle$Holder.invokeInterface(java.lang.Object, java.lang.Object, java.lang.Object)'> (0x00000000eb9cbb38) 
thrown [e:\jenkins\tmp\workspace\build\src\src\hotspot\share\interpreter\linkResolver.cpp, line 766]
Event: 7.382 Thread 0x0000023da4eb9690 Exception <a 'java/lang/NoSuchMethodError'{0x00000000eba256a8}: 'java.lang.Object java.lang.invoke.DirectMethodHandle$Holder.newInvokeSpecial(java.lang.Object, java.lang.Object, java.lang.Object, java.lang.Object, java.lang.Object, java.lang.Object)'> (0x00000000eba256a8) 
thrown [e:\jenkins\tmp\workspace\build\src\src\hotspot\share\interpreter\linkResolver.cpp, line 766]
Event: 7.384 Thread 0x0000023da4eb9690 Exception <a 'java/lang/NoSuchMethodError'{0x00000000eba3afb0}: 'int java.lang.invoke.DirectMethodHandle$Holder.invokeStatic(java.lang.Object)'> (0x00000000eba3afb0) 
thrown [e:\jenkins\tmp\workspace\build\src\src\hotspot\share\interpreter\linkResolver.cpp, line 766]
Event: 7.402 Thread 0x0000023da4eb9690 Exception <a 'java/io/FileNotFoundException'{0x00000000ebacb518}> (0x00000000ebacb518) 
thrown [e:\jenkins\tmp\workspace\build\src\src\hotspot\share\prims\jni.cpp, line 516]
Event: 7.403 Thread 0x0000023da4eb9690 Exception <a 'java/io/FileNotFoundException'{0x00000000ebacd660}> (0x00000000ebacd660) 
thrown [e:\jenkins\tmp\workspace\build\src\src\hotspot\share\prims\jni.cpp, line 516]
Event: 7.403 Thread 0x0000023da4eb9690 Exception <a 'java/io/FileNotFoundException'{0x00000000ebacf108}> (0x00000000ebacf108) 
thrown [e:\jenkins\tmp\workspace\build\src\src\hotspot\share\prims\jni.cpp, line 516]
Event: 7.541 Thread 0x0000023da4eb9690 Implicit null exception at 0x0000023d93a311c8 to 0x0000023d93a31288
Event: 7.693 Thread 0x0000023da121b800 Exception <a 'java/io/FileNotFoundException'{0x00000000eb413468}> (0x00000000eb413468) 
thrown [e:\jenkins\tmp\workspace\build\src\src\hotspot\share\prims\jni.cpp, line 516]
Event: 9.051 Thread 0x0000023da4eb9690 Exception <a 'java/lang/NoSuchMethodError'{0x00000000eae494a0}: 'int java.lang.invoke.DirectMethodHandle$Holder.invokeStatic(java.lang.Object, java.lang.Object, java.lang.Object, int)'> (0x00000000eae494a0) 
thrown [e:\jenkins\tmp\workspace\build\src\src\hotspot\share\interpreter\linkResolver.cpp, line 766]
Event: 9.063 Thread 0x0000023da4eb9690 Exception <a 'java/lang/NoSuchMethodError'{0x00000000eaef8940}: 'int java.lang.invoke.DirectMethodHandle$Holder.invokeVirtual(java.lang.Object, java.lang.Object, java.lang.Object)'> (0x00000000eaef8940) 
thrown [e:\jenkins\tmp\workspace\build\src\src\hotspot\share\interpreter\linkResolver.cpp, line 766]
Event: 9.066 Thread 0x0000023da4eb9690 Exception <a 'java/lang/NoSuchMethodError'{0x00000000eaf19668}: 'int java.lang.invoke.DirectMethodHandle$Holder.invokeSpecialIFC(java.lang.Object, java.lang.Object, java.lang.Object)'> (0x00000000eaf19668) 
thrown [e:\jenkins\tmp\workspace\build\src\src\hotspot\share\interpreter\linkResolver.cpp, line 766]
Event: 9.571 Thread 0x0000023da4eb9690 Implicit null exception at 0x0000023d93b9c075 to 0x0000023d93b9c394
Event: 9.608 Thread 0x0000023da1219650 Implicit null exception at 0x0000023d93bfa8a1 to 0x0000023d93bfa9dc
Event: 9.855 Thread 0x0000023da12187e0 Exception <a 'java/io/FileNotFoundException'{0x00000000eb701488}> (0x00000000eb701488) 
thrown [e:\jenkins\tmp\workspace\build\src\src\hotspot\share\prims\jni.cpp, line 516]
Event: 9.917 Thread 0x0000023da4eb6b40 Exception <a 'java/lang/NoSuchMethodError'{0x00000000eba13aa8}: 'java.lang.Object java.lang.invoke.DirectMethodHandle$Holder.invokeStaticInit(java.lang.Object, java.lang.Object, java.lang.Object)'> (0x00000000eba13aa8) 
thrown [e:\jenkins\tmp\workspace\build\src\src\hotspot\share\interpreter\linkResolver.cpp, line 766]

VM Operations (20 events):
Event: 9.593 Executing VM operation: ICBufferFull
Event: 9.594 Executing VM operation: ICBufferFull done
Event: 9.604 Executing VM operation: ParallelGCFailedAllocation
Event: 9.606 Executing VM operation: ParallelGCFailedAllocation done
Event: 9.633 Executing VM operation: HandshakeAllThreads
Event: 9.633 Executing VM operation: HandshakeAllThreads done
Event: 9.635 Executing VM operation: HandshakeAllThreads
Event: 9.635 Executing VM operation: HandshakeAllThreads done
Event: 9.879 Executing VM operation: HandshakeAllThreads
Event: 9.879 Executing VM operation: HandshakeAllThreads done
Event: 9.902 Executing VM operation: HandshakeAllThreads
Event: 9.903 Executing VM operation: HandshakeAllThreads done
Event: 9.903 Executing VM operation: HandshakeAllThreads
Event: 9.903 Executing VM operation: HandshakeAllThreads done
Event: 9.922 Executing VM operation: HandshakeAllThreads
Event: 9.922 Executing VM operation: HandshakeAllThreads done
Event: 9.925 Executing VM operation: ICBufferFull
Event: 9.925 Executing VM operation: ICBufferFull done
Event: 9.965 Executing VM operation: ParallelGCFailedAllocation
Event: 9.966 Executing VM operation: ParallelGCFailedAllocation done

Events (20 events):
Event: 9.935 Thread 0x0000023d9e8767b0 flushing nmethod 0x0000023d8d212990
Event: 9.935 Thread 0x0000023d9e8767b0 flushing nmethod 0x0000023d8d213690
Event: 9.935 Thread 0x0000023d9e8767b0 flushing nmethod 0x0000023d8d215f90
Event: 9.935 Thread 0x0000023d9e8767b0 flushing nmethod 0x0000023d8d23c090
Event: 9.935 Thread 0x0000023d9e8767b0 flushing nmethod 0x0000023d8d245e10
Event: 9.935 Thread 0x0000023d9e8767b0 flushing nmethod 0x0000023d8d25cd90
Event: 9.935 Thread 0x0000023d9e8767b0 flushing nmethod 0x0000023d8d2ce890
Event: 9.935 Thread 0x0000023d9e8767b0 flushing nmethod 0x0000023d8d316510
Event: 9.935 Thread 0x0000023d9e8767b0 flushing nmethod 0x0000023d8d317c90
Event: 9.935 Thread 0x0000023d9e8767b0 flushing nmethod 0x0000023d8d318190
Event: 9.935 Thread 0x0000023d9e8767b0 flushing nmethod 0x0000023d8d31cd90
Event: 9.935 Thread 0x0000023d9e8767b0 flushing nmethod 0x0000023d8d36d090
Event: 9.936 Thread 0x0000023d9e8767b0 flushing nmethod 0x0000023d8d3ddd90
Event: 9.936 Thread 0x0000023d9e8767b0 flushing nmethod 0x0000023d8d455d10
Event: 9.936 Thread 0x0000023d9e8767b0 flushing nmethod 0x0000023d8d4b6190
Event: 9.950 loading class java/util/concurrent/CompletionException
Event: 9.950 loading class java/util/concurrent/CompletionException done
Event: 9.959 Thread 0x0000023da4eb9b60 Thread added: 0x0000023da4eb9b60
Event: 9.979 loading class java/util/LinkedList$LLSpliterator
Event: 9.979 loading class java/util/LinkedList$LLSpliterator done


Dynamic libraries:
0x00007ff7935a0000 - 0x00007ff7935ae000 	e:\jdk\bin\java.exe
0x00007ffda6e70000 - 0x00007ffda7068000 	C:\Windows\SYSTEM32\ntdll.dll
0x00007ffda6530000 - 0x00007ffda65ef000 	C:\Windows\System32\KERNEL32.DLL
0x00007ffda4a00000 - 0x00007ffda4cd2000 	C:\Windows\System32\KERNELBASE.dll
0x00007ffda4d80000 - 0x00007ffda4e80000 	C:\Windows\System32\ucrtbase.dll
0x00007ffd661c0000 - 0x00007ffd661d9000 	e:\jdk\bin\VCRUNTIME140.dll
0x00007ffd661e0000 - 0x00007ffd661f8000 	e:\jdk\bin\jli.dll
0x00007ffda6af0000 - 0x00007ffda6c91000 	C:\Windows\System32\USER32.dll
0x00007ffda4e80000 - 0x00007ffda4ea2000 	C:\Windows\System32\win32u.dll
0x00007ffda5fc0000 - 0x00007ffda5feb000 	C:\Windows\System32\GDI32.dll
0x00007ffda4840000 - 0x00007ffda494f000 	C:\Windows\System32\gdi32full.dll
0x00007ffd90d20000 - 0x00007ffd90fba000 	C:\Windows\WinSxS\amd64_microsoft.windows.common-controls_6595b64144ccf1df_6.0.19041.1110_none_60b5254171f9507e\COMCTL32.dll
0x00007ffda4ce0000 - 0x00007ffda4d7d000 	C:\Windows\System32\msvcp_win.dll
0x00007ffda65f0000 - 0x00007ffda668e000 	C:\Windows\System32\msvcrt.dll
0x00007ffda6690000 - 0x00007ffda66c2000 	C:\Windows\System32\IMM32.DLL
0x00007ffd661b0000 - 0x00007ffd661bc000 	e:\jdk\bin\vcruntime140_1.dll
0x00007ffd642d0000 - 0x00007ffd64361000 	e:\jdk\bin\msvcp140.dll
0x00007ffcfdad0000 - 0x00007ffcfe717000 	e:\jdk\bin\server\jvm.dll
0x00007ffda68b0000 - 0x00007ffda695e000 	C:\Windows\System32\ADVAPI32.dll
0x00007ffda53c0000 - 0x00007ffda545c000 	C:\Windows\System32\sechost.dll
0x00007ffda6780000 - 0x00007ffda68a5000 	C:\Windows\System32\RPCRT4.dll
0x00007ffda5790000 - 0x00007ffda5798000 	C:\Windows\System32\PSAPI.DLL
0x00007ffd97b80000 - 0x00007ffd97ba7000 	C:\Windows\SYSTEM32\WINMM.dll
0x00007ffd9a3f0000 - 0x00007ffd9a3fa000 	C:\Windows\SYSTEM32\VERSION.dll
0x00007ffd6da80000 - 0x00007ffd6da89000 	C:\Windows\SYSTEM32\WSOCK32.dll
0x00007ffda5f50000 - 0x00007ffda5fbb000 	C:\Windows\System32\WS2_32.dll
0x00007ffda2d70000 - 0x00007ffda2d82000 	C:\Windows\SYSTEM32\kernel.appcore.dll
0x00007ffd661a0000 - 0x00007ffd661aa000 	e:\jdk\bin\jimage.dll
0x00007ffda23b0000 - 0x00007ffda2594000 	C:\Windows\SYSTEM32\DBGHELP.DLL
0x00007ffd899e0000 - 0x00007ffd89a15000 	C:\Windows\SYSTEM32\dbgcore.DLL
0x00007ffda47b0000 - 0x00007ffda4832000 	C:\Windows\System32\bcryptPrimitives.dll
0x00007ffd63d70000 - 0x00007ffd63d7e000 	e:\jdk\bin\instrument.dll
0x00007ffd63d40000 - 0x00007ffd63d65000 	e:\jdk\bin\java.dll
0x00007ffd63c40000 - 0x00007ffd63d16000 	e:\jdk\bin\jsvml.dll
0x00007ffda5800000 - 0x00007ffda5f44000 	C:\Windows\System32\SHELL32.dll
0x00007ffda25c0000 - 0x00007ffda2d52000 	C:\Windows\SYSTEM32\windows.storage.dll
0x00007ffda4eb0000 - 0x00007ffda5205000 	C:\Windows\System32\combase.dll
0x00007ffda3fc0000 - 0x00007ffda3ff0000 	C:\Windows\SYSTEM32\Wldp.dll
0x00007ffda6480000 - 0x00007ffda652d000 	C:\Windows\System32\SHCORE.dll
0x00007ffda6ca0000 - 0x00007ffda6cf5000 	C:\Windows\System32\shlwapi.dll
0x00007ffda44a0000 - 0x00007ffda44bf000 	C:\Windows\SYSTEM32\profapi.dll
0x00007ffd63c20000 - 0x00007ffd63c38000 	e:\jdk\bin\zip.dll
0x00007ffd63c00000 - 0x00007ffd63c19000 	E:\jdk\bin\net.dll
0x00007ffd9cba0000 - 0x00007ffd9ccac000 	C:\Windows\SYSTEM32\WINHTTP.dll
0x00007ffda3cd0000 - 0x00007ffda3d3a000 	C:\Windows\system32\mswsock.dll
0x00007ffd63be0000 - 0x00007ffd63bf5000 	E:\jdk\bin\nio.dll
0x00007ffd63bd0000 - 0x00007ffd63be0000 	e:\jdk\bin\verify.dll
0x00007ffd83ab0000 - 0x00007ffd83aee000 	C:\Users\ZYT20\AppData\Roaming\Code\User\globalStorage\redhat.java\1.13.0\config_win\org.eclipse.equinox.launcher\org.eclipse.equinox.launcher.win32.win32.x86_64_1.2.600.v20220720-1916\eclipse_11700.dll
0x00007ffda6d00000 - 0x00007ffda6e2a000 	C:\Windows\System32\ole32.dll
0x00007ffda3e80000 - 0x00007ffda3e98000 	C:\Windows\SYSTEM32\CRYPTSP.dll
0x00007ffda3590000 - 0x00007ffda35c4000 	C:\Windows\system32\rsaenh.dll
0x00007ffda4730000 - 0x00007ffda4757000 	C:\Windows\System32\bcrypt.dll
0x00007ffda4420000 - 0x00007ffda444e000 	C:\Windows\SYSTEM32\USERENV.dll
0x00007ffda3ea0000 - 0x00007ffda3eac000 	C:\Windows\SYSTEM32\CRYPTBASE.dll
0x00007ffda3980000 - 0x00007ffda39bb000 	C:\Windows\SYSTEM32\IPHLPAPI.DLL
0x00007ffda6ae0000 - 0x00007ffda6ae8000 	C:\Windows\System32\NSI.dll
0x00007ffd9c4c0000 - 0x00007ffd9c4d7000 	C:\Windows\SYSTEM32\dhcpcsvc6.DLL
0x00007ffd9b490000 - 0x00007ffd9b4ad000 	C:\Windows\SYSTEM32\dhcpcsvc.DLL
0x00007ffda39d0000 - 0x00007ffda3a9a000 	C:\Windows\SYSTEM32\DNSAPI.dll
0x00007ffd64290000 - 0x00007ffd642d0000 	C:\Users\ZYT20\AppData\Local\Temp\jna-85850611\jna2922735312060081408.dll
0x00007ffda00b0000 - 0x00007ffda00be000 	E:\jdk\bin\sunmscapi.dll
0x00007ffda45d0000 - 0x00007ffda4726000 	C:\Windows\System32\CRYPT32.dll
0x00007ffda4030000 - 0x00007ffda4057000 	C:\Windows\SYSTEM32\ncrypt.dll
0x00007ffda3ff0000 - 0x00007ffda402b000 	C:\Windows\SYSTEM32\NTASN1.dll
0x00007ffd9c550000 - 0x00007ffd9c55a000 	C:\Windows\System32\rasadhlp.dll
0x00007ffd98bd0000 - 0x00007ffd98c50000 	C:\Windows\System32\fwpuclnt.dll

dbghelp: loaded successfully - version: 4.0.5 - missing functions: none
symbol engine: initialized successfully - sym options: 0x614 - pdb path: .;e:\jdk\bin;C:\Windows\SYSTEM32;C:\Windows\WinSxS\amd64_microsoft.windows.common-controls_6595b64144ccf1df_6.0.19041.1110_none_60b5254171f9507e;e:\jdk\bin\server;C:\Users\ZYT20\AppData\Roaming\Code\User\globalStorage\redhat.java\1.13.0\config_win\org.eclipse.equinox.launcher\org.eclipse.equinox.launcher.win32.win32.x86_64_1.2.600.v20220720-1916;C:\Users\ZYT20\AppData\Local\Temp\jna-85850611

VM Arguments:
jvm_args: --add-modules=ALL-SYSTEM --add-opens=java.base/java.util=ALL-UNNAMED --add-opens=java.base/java.lang=ALL-UNNAMED --add-opens=java.base/sun.nio.fs=ALL-UNNAMED -Declipse.application=org.eclipse.jdt.ls.core.id1 -Dosgi.bundles.defaultStartLevel=4 -Declipse.product=org.eclipse.jdt.ls.core.product -Djava.import.generatesMetadataFilesAtProjectRoot=false -Dfile.encoding=utf8 -XX:+UseParallelGC -XX:GCTimeRatio=4 -XX:AdaptiveSizePolicyWeight=90 -Dsun.zip.disableMemoryMapping=true -Xmx1G -Xms100m -Xlog:disable -javaagent:c:\Users\ZYT20\.vscode\extensions\redhat.java-1.13.0-win32-x64\lombok\lombok-1.18.24.jar -XX:+HeapDumpOnOutOfMemoryError -XX:HeapDumpPath=c:\Users\ZYT20\AppData\Roaming\Code\User\workspaceStorage\82c29d3eb06bfaf88095d7a98bb9c494\redhat.java 
java_command: c:\Users\ZYT20\.vscode\extensions\redhat.java-1.13.0-win32-x64\server\plugins\org.eclipse.equinox.launcher_1.6.400.v20210924-0641.jar -configuration c:\Users\ZYT20\AppData\Roaming\Code\User\globalStorage\redhat.java\1.13.0\config_win -data c:\Users\ZYT20\AppData\Roaming\Code\User\workspaceStorage\82c29d3eb06bfaf88095d7a98bb9c494\redhat.java\jdt_ws
java_class_path (initial): c:\Users\ZYT20\.vscode\extensions\redhat.java-1.13.0-win32-x64\server\plugins\org.eclipse.equinox.launcher_1.6.400.v20210924-0641.jar
Launcher Type: SUN_STANDARD

[Global flags]
    uintx AdaptiveSizePolicyWeight                 = 90                                        {product} {command line}
     intx CICompilerCount                          = 12                                        {product} {ergonomic}
    uintx GCTimeRatio                              = 4                                         {product} {command line}
     bool HeapDumpOnOutOfMemoryError               = true                                   {manageable} {command line}
    ccstr HeapDumpPath                             = c:\Users\ZYT20\AppData\Roaming\Code\User\workspaceStorage\82c29d3eb06bfaf88095d7a98bb9c494\redhat.java         {manageable} {command line}
   size_t InitialHeapSize                          = 104857600                                 {product} {command line}
   size_t MaxHeapSize                              = 1073741824                                {product} {command line}
   size_t MaxNewSize                               = 357564416                                 {product} {ergonomic}
   size_t MinHeapDeltaBytes                        = 524288                                    {product} {ergonomic}
   size_t MinHeapSize                              = 104857600                                 {product} {command line}
   size_t NewSize                                  = 34603008                                  {product} {ergonomic}
    uintx NonNMethodCodeHeapSize                   = 7602480                                {pd product} {ergonomic}
    uintx NonProfiledCodeHeapSize                  = 122027880                              {pd product} {ergonomic}
   size_t OldSize                                  = 70254592                                  {product} {ergonomic}
    uintx ProfiledCodeHeapSize                     = 122027880                              {pd product} {ergonomic}
    uintx ReservedCodeCacheSize                    = 251658240                              {pd product} {ergonomic}
     bool SegmentedCodeCache                       = true                                      {product} {ergonomic}
   size_t SoftMaxHeapSize                          = 1073741824                             {manageable} {ergonomic}
     bool UseCompressedClassPointers               = true                           {product lp64_product} {ergonomic}
     bool UseCompressedOops                        = true                           {product lp64_product} {ergonomic}
     bool UseLargePagesIndividualAllocation        = false                                  {pd product} {ergonomic}
     bool UseParallelGC                            = true                                      {product} {command line}

Logging:
Log output configuration:
 #0: stdout all=off uptime,level,tags
 #1: stderr all=off uptime,level,tags

Environment Variables:
PATH=E:\cuda\toolkit\installed\bin;E:\cuda\toolkit\installed\libnvvp;C:\Program Files\NVIDIA GPU Computing Toolkit\CUDA\v11.3\bin;C:\Program Files\NVIDIA GPU Computing Toolkit\CUDA\v11.3\libnvvp;E:\jdk\bin;C:\Program Files\Alacritty\;c:\users\zyt20\appdata\local\programs\python\python38\lib\site-packages;C:\Program Files\Common Files\Oracle\Java\javapath;C:\Users\ZYT20\AppData\Local\Programs\Python\Python38\Scripts;C:\Users\ZYT20\AppData\Local\Programs\Python\Python38;C:\Python310\Scripts\;C:\Python310\;E:\vmware\bin\;C:\Program Files (x86)\Common Files\Oracle\Java\javapath;C:\Windows\system32;C:\Windows;C:\Windows\System32\Wbem;C:\Windows\System32\WindowsPowerShell\v1.0\;C:\Windows\System32\OpenSSH\;C:\Program Files\dotnet\;E:\xmanager\Xmanager 7\;E:\xmanager\Xshell 7\;E:\xmanager\Xftp 7\;E:\xmanager\Xlpd 7\;C:\mingw64\bin\;E:\Graphviz\bin;C:\Program Files\MiKTeX\miktex\bin\x64\;E:\Latex\installed\texlive\2021\bin\win32;E:\matlab\runtime\win64;E:\matlab\bin;E:\matlab\polyspace\bin;C:\ProgramData\chocolatey\bin;C:\Program Files (x86)\GTK2-Runtime\bin;E:\git\Git\cmd;E:\git\Git\bin;E:\cmake\bin;E:\CV4_on_cpp\opencv\build\bin;E:\nodejs\;C:\Users\ZYT20\anaconda3\Scripts;C:\Users\ZYT20\anaconda3;C:\Program Files (x86)\NVIDIA Corporation\PhysX\Common;C:\Program Files (x86)\Wolfram Research\WolframScript\;C:\Program Files\NASM\;C:\Program Files (x86)\Microsoft Visual Studio\2019\Community\VC\Tools\MSVC\14.29.30037\bin\Hostx64\x64\;C:\Program Files\NVIDIA Corporation\Nsight Compute 2022.1.1\;E:\hexo blog\blog\node_modules\.bin;E:\nwjs\nwjs-v0.63.0-win-x64\;E:\vcpkg\vcpkg;C:\Users\ZYT20\AppData\Local\Microsoft\WindowsApps;E:\Clang\win installed\bin;E:\calibre\;E:\maven\apache-maven-3.8.6\bin;E:\TortoiseGit\bin;E:\cuda\toolkit\installed\bin\\..\extras\CUPTI\lib64;E:\cuda\toolkit\installed\bin;E:\cuda\toolkit\installed\libnvvp;C:\Program Files\NVIDIA GPU Computing Toolkit\CUDA\v11.3\bin;C:\Program Files\NVIDIA GPU Computing Toolkit\CUDA\v11.3\libnvvp;E:\jdk\bin;C:\Program Files\A
USERNAME=ZYT20
OS=Windows_NT
PROCESSOR_IDENTIFIER=AMD64 Family 25 Model 80 Stepping 0, AuthenticAMD



---------------  S Y S T E M  ---------------

OS:
 Windows 10 , 64 bit Build 19041 (10.0.19041.2364)
OS uptime: 2 days 12:44 hours
Hyper-V role detected

CPU: total 16 (initial active 16) (16 cores per cpu, 2 threads per core) family 25 model 80 stepping 0 microcode 0x0, cx8, cmov, fxsr, ht, mmx, 3dnowpref, sse, sse2, sse3, ssse3, sse4a, sse4.1, sse4.2, popcnt, lzcnt, tsc, tscinvbit, avx, avx2, aes, erms, clmul, bmi1, bmi2, adx, sha, fma, vzeroupper, clflush, clflushopt, hv

Memory: 4k page, system-wide physical 32620M (3054M free)
TotalPageFile size 66691M (AvailPageFile size 88M)
current process WorkingSet (physical memory assigned to process): 325M, peak: 336M
current process commit charge ("private bytes"): 418M, peak: 439M

vm_info: OpenJDK 64-Bit Server VM (17.0.2+8) for windows-amd64 JRE (17.0.2+8), built on Jan 20 2022 04:52:34 by "" with MS VC++ 16.7 (VS2019)

END.
